<?xml version="1.0" encoding="UTF-8"?>
<coverage generated="1605693465581" clover="3.2.0">
  <project timestamp="1605693465581" name="All files">
    <metrics statements="184" coveredstatements="179" conditionals="95" coveredconditionals="74" methods="13" coveredmethods="13" elements="292" coveredelements="266" complexity="0" loc="184" ncloc="184" packages="1" files="1" classes="1"/>
    <file name="index.js" path="E:\project\uniapp\plugins\date_time_picker\src\components\dateTimePicker\index.js">
      <metrics statements="184" coveredstatements="179" conditionals="95" coveredconditionals="74" methods="13" coveredmethods="13"/>
      <line num="2" count="14" type="stmt"/>
      <line num="3" count="14" type="stmt"/>
      <line num="4" count="14" type="stmt"/>
      <line num="5" count="14" type="stmt"/>
      <line num="6" count="14" type="stmt"/>
      <line num="7" count="14" type="stmt"/>
      <line num="8" count="14" type="stmt"/>
      <line num="9" count="14" type="cond" truecount="1" falsecount="1"/>
      <line num="10" count="14" type="stmt"/>
      <line num="12" count="14" type="stmt"/>
      <line num="13" count="14" type="stmt"/>
      <line num="14" count="14" type="stmt"/>
      <line num="15" count="14" type="stmt"/>
      <line num="16" count="14" type="stmt"/>
      <line num="17" count="14" type="stmt"/>
      <line num="18" count="14" type="stmt"/>
      <line num="19" count="14" type="stmt"/>
      <line num="20" count="14" type="stmt"/>
      <line num="21" count="14" type="stmt"/>
      <line num="23" count="14" type="stmt"/>
      <line num="24" count="14" type="stmt"/>
      <line num="25" count="14" type="stmt"/>
      <line num="26" count="14" type="stmt"/>
      <line num="27" count="14" type="stmt"/>
      <line num="29" count="14" type="stmt"/>
      <line num="30" count="14" type="stmt"/>
      <line num="32" count="1" type="stmt"/>
      <line num="33" count="14" type="stmt"/>
      <line num="34" count="14" type="stmt"/>
      <line num="35" count="14" type="stmt"/>
      <line num="36" count="14" type="stmt"/>
      <line num="37" count="14" type="stmt"/>
      <line num="38" count="14" type="stmt"/>
      <line num="41" count="1" type="stmt"/>
      <line num="42" count="14" type="stmt"/>
      <line num="43" count="14" type="stmt"/>
      <line num="45" count="14" type="stmt"/>
      <line num="46" count="14" type="stmt"/>
      <line num="47" count="14" type="stmt"/>
      <line num="49" count="14" type="stmt"/>
      <line num="50" count="14" type="stmt"/>
      <line num="51" count="14" type="stmt"/>
      <line num="54" count="14" type="stmt"/>
      <line num="55" count="14" type="stmt"/>
      <line num="56" count="14" type="stmt"/>
      <line num="57" count="17" type="stmt"/>
      <line num="58" count="17" type="stmt"/>
      <line num="59" count="25" type="stmt"/>
      <line num="61" count="25" type="stmt"/>
      <line num="62" count="25" type="stmt"/>
      <line num="63" count="25" type="cond" truecount="2" falsecount="0"/>
      <line num="64" count="8" type="cond" truecount="2" falsecount="0"/>
      <line num="65" count="3" type="stmt"/>
      <line num="68" count="22" type="stmt"/>
      <line num="70" count="22" type="stmt"/>
      <line num="71" count="301" type="stmt"/>
      <line num="73" count="301" type="stmt"/>
      <line num="74" count="301" type="cond" truecount="2" falsecount="0"/>
      <line num="75" count="279" type="cond" truecount="2" falsecount="0"/>
      <line num="76" count="8" type="stmt"/>
      <line num="79" count="293" type="stmt"/>
      <line num="80" count="293" type="stmt"/>
      <line num="81" count="293" type="stmt"/>
      <line num="83" count="22" type="cond" truecount="1" falsecount="1"/>
      <line num="84" count="0" type="stmt"/>
      <line num="87" count="17" type="cond" truecount="1" falsecount="1"/>
      <line num="88" count="0" type="stmt"/>
      <line num="92" count="14" type="stmt"/>
      <line num="95" count="1" type="stmt"/>
      <line num="96" count="29" type="stmt"/>
      <line num="97" count="29" type="stmt"/>
      <line num="98" count="29" type="stmt"/>
      <line num="99" count="29" type="stmt"/>
      <line num="100" count="29" type="cond" truecount="2" falsecount="0"/>
      <line num="101" count="15" type="stmt"/>
      <line num="102" count="15" type="cond" truecount="1" falsecount="1"/>
      <line num="103" count="15" type="cond" truecount="1" falsecount="1"/>
      <line num="104" count="15" type="cond" truecount="4" falsecount="1"/>
      <line num="105" count="15" type="stmt"/>
      <line num="106" count="15" type="stmt"/>
      <line num="107" count="15" type="stmt"/>
      <line num="108" count="15" type="stmt"/>
      <line num="109" count="15" type="stmt"/>
      <line num="110" count="15" type="stmt"/>
      <line num="111" count="15" type="stmt"/>
      <line num="112" count="15" type="stmt"/>
      <line num="115" count="14" type="cond" truecount="2" falsecount="0"/>
      <line num="116" count="1" type="stmt"/>
      <line num="117" count="1" type="cond" truecount="1" falsecount="1"/>
      <line num="118" count="1" type="cond" truecount="4" falsecount="1"/>
      <line num="119" count="1" type="stmt"/>
      <line num="120" count="1" type="stmt"/>
      <line num="121" count="1" type="stmt"/>
      <line num="122" count="1" type="stmt"/>
      <line num="123" count="1" type="stmt"/>
      <line num="124" count="1" type="stmt"/>
      <line num="125" count="1" type="stmt"/>
      <line num="128" count="13" type="cond" truecount="2" falsecount="0"/>
      <line num="129" count="5" type="stmt"/>
      <line num="130" count="5" type="cond" truecount="4" falsecount="1"/>
      <line num="131" count="5" type="stmt"/>
      <line num="132" count="5" type="stmt"/>
      <line num="133" count="5" type="stmt"/>
      <line num="134" count="5" type="stmt"/>
      <line num="135" count="5" type="stmt"/>
      <line num="136" count="5" type="stmt"/>
      <line num="139" count="8" type="cond" truecount="2" falsecount="0"/>
      <line num="140" count="6" type="stmt"/>
      <line num="141" count="6" type="stmt"/>
      <line num="142" count="6" type="stmt"/>
      <line num="143" count="6" type="stmt"/>
      <line num="144" count="6" type="stmt"/>
      <line num="146" count="2" type="cond" truecount="1" falsecount="1"/>
      <line num="147" count="2" type="stmt"/>
      <line num="150" count="1" type="stmt"/>
      <line num="151" count="29" type="stmt"/>
      <line num="152" count="29" type="cond" truecount="2" falsecount="0"/>
      <line num="153" count="29" type="stmt"/>
      <line num="154" count="29" type="cond" truecount="2" falsecount="0"/>
      <line num="155" count="67" type="stmt"/>
      <line num="156" count="29" type="cond" truecount="2" falsecount="0"/>
      <line num="157" count="139" type="stmt"/>
      <line num="158" count="29" type="cond" truecount="2" falsecount="0"/>
      <line num="159" count="692" type="stmt"/>
      <line num="160" count="29" type="cond" truecount="1" falsecount="1"/>
      <line num="162" count="1" type="stmt"/>
      <line num="163" count="21" type="stmt"/>
      <line num="164" count="21" type="stmt"/>
      <line num="165" count="21" type="stmt"/>
      <line num="166" count="21" type="stmt"/>
      <line num="167" count="21" type="stmt"/>
      <line num="168" count="21" type="stmt"/>
      <line num="169" count="21" type="cond" truecount="2" falsecount="0"/>
      <line num="170" count="15" type="stmt"/>
      <line num="171" count="15" type="stmt"/>
      <line num="172" count="15" type="cond" truecount="2" falsecount="0"/>
      <line num="173" count="11" type="stmt"/>
      <line num="174" count="4" type="cond" truecount="1" falsecount="1"/>
      <line num="175" count="4" type="cond" truecount="2" falsecount="0"/>
      <line num="176" count="1" type="cond" truecount="1" falsecount="1"/>
      <line num="177" count="0" type="stmt"/>
      <line num="179" count="1" type="stmt"/>
      <line num="182" count="3" type="stmt"/>
      <line num="185" count="0" type="stmt"/>
      <line num="189" count="6" type="stmt"/>
      <line num="191" count="21" type="cond" truecount="2" falsecount="0"/>
      <line num="192" count="21" type="stmt"/>
      <line num="194" count="1" type="stmt"/>
      <line num="196" count="27" type="cond" truecount="2" falsecount="0"/>
      <line num="197" count="1" type="stmt"/>
      <line num="198" count="1" type="stmt"/>
      <line num="200" count="26" type="stmt"/>
      <line num="201" count="26" type="stmt"/>
      <line num="202" count="26" type="stmt"/>
      <line num="203" count="26" type="stmt"/>
      <line num="204" count="26" type="stmt"/>
      <line num="205" count="26" type="stmt"/>
      <line num="207" count="26" type="cond" truecount="2" falsecount="0"/>
      <line num="208" count="18" type="stmt"/>
      <line num="209" count="18" type="stmt"/>
      <line num="210" count="18" type="stmt"/>
      <line num="211" count="18" type="stmt"/>
      <line num="212" count="18" type="stmt"/>
      <line num="214" count="18" type="cond" truecount="2" falsecount="0"/>
      <line num="215" count="12" type="cond" truecount="2" falsecount="0"/>
      <line num="216" count="3" type="stmt"/>
      <line num="218" count="9" type="stmt"/>
      <line num="220" count="6" type="cond" truecount="2" falsecount="0"/>
      <line num="221" count="5" type="cond" truecount="2" falsecount="0"/>
      <line num="222" count="2" type="stmt"/>
      <line num="224" count="3" type="stmt"/>
      <line num="226" count="1" type="cond" truecount="1" falsecount="1"/>
      <line num="227" count="1" type="cond" truecount="1" falsecount="1"/>
      <line num="228" count="1" type="stmt"/>
      <line num="230" count="0" type="stmt"/>
      <line num="234" count="8" type="cond" truecount="2" falsecount="0"/>
      <line num="235" count="6" type="stmt"/>
      <line num="236" count="2" type="cond" truecount="2" falsecount="0"/>
      <line num="237" count="1" type="stmt"/>
      <line num="238" count="1" type="cond" truecount="1" falsecount="1"/>
      <line num="239" count="1" type="stmt"/>
      <line num="242" count="26" type="cond" truecount="1" falsecount="1"/>
      <line num="245" count="46" type="stmt"/>
      <line num="246" count="1567" type="stmt"/>
    </file>
  </project>
</coverage>
