<?xml version="1.0" encoding="UTF-8"?>
<coverage generated="1605783870145" clover="3.2.0">
  <project timestamp="1605783870145" name="All files">
    <metrics statements="183" coveredstatements="152" conditionals="90" coveredconditionals="46" methods="25" coveredmethods="20" elements="298" coveredelements="218" complexity="0" loc="183" ncloc="183" packages="1" files="1" classes="1"/>
    <file name="index.js" path="E:\project\uniapp\plugins\date_time_picker\src\components\dateTimePicker\index.js">
      <metrics statements="183" coveredstatements="152" conditionals="90" coveredconditionals="46" methods="25" coveredmethods="20"/>
      <line num="1" count="1" type="stmt"/>
      <line num="2" count="1" type="stmt"/>
      <line num="4" count="9" type="stmt"/>
      <line num="5" count="9" type="stmt"/>
      <line num="6" count="9" type="stmt"/>
      <line num="7" count="9" type="stmt"/>
      <line num="8" count="9" type="stmt"/>
      <line num="9" count="9" type="stmt"/>
      <line num="10" count="9" type="stmt"/>
      <line num="11" count="9" type="cond" truecount="1" falsecount="1"/>
      <line num="12" count="9" type="stmt"/>
      <line num="13" count="9" type="stmt"/>
      <line num="14" count="9" type="stmt"/>
      <line num="15" count="9" type="stmt"/>
      <line num="16" count="9" type="stmt"/>
      <line num="17" count="9" type="stmt"/>
      <line num="18" count="9" type="stmt"/>
      <line num="19" count="9" type="stmt"/>
      <line num="21" count="1" type="stmt"/>
      <line num="22" count="9" type="stmt"/>
      <line num="23" count="9" type="stmt"/>
      <line num="26" count="1" type="stmt"/>
      <line num="27" count="9" type="stmt"/>
      <line num="29" count="9" type="stmt"/>
      <line num="30" count="9" type="stmt"/>
      <line num="31" count="9" type="stmt"/>
      <line num="33" count="9" type="stmt"/>
      <line num="34" count="9" type="stmt"/>
      <line num="35" count="9" type="stmt"/>
      <line num="38" count="9" type="stmt"/>
      <line num="39" count="9" type="stmt"/>
      <line num="40" count="9" type="stmt"/>
      <line num="41" count="11" type="stmt"/>
      <line num="42" count="11" type="stmt"/>
      <line num="43" count="17" type="stmt"/>
      <line num="45" count="17" type="stmt"/>
      <line num="46" count="17" type="stmt"/>
      <line num="47" count="17" type="cond" truecount="2" falsecount="0"/>
      <line num="48" count="6" type="cond" truecount="2" falsecount="0"/>
      <line num="49" count="2" type="stmt"/>
      <line num="52" count="15" type="stmt"/>
      <line num="54" count="15" type="stmt"/>
      <line num="55" count="206" type="stmt"/>
      <line num="57" count="206" type="stmt"/>
      <line num="58" count="206" type="cond" truecount="2" falsecount="0"/>
      <line num="59" count="191" type="cond" truecount="2" falsecount="0"/>
      <line num="60" count="6" type="stmt"/>
      <line num="63" count="200" type="stmt"/>
      <line num="64" count="200" type="stmt"/>
      <line num="65" count="200" type="stmt"/>
      <line num="67" count="15" type="cond" truecount="1" falsecount="1"/>
      <line num="68" count="0" type="stmt"/>
      <line num="71" count="11" type="cond" truecount="1" falsecount="1"/>
      <line num="72" count="0" type="stmt"/>
      <line num="76" count="9" type="stmt"/>
      <line num="79" count="1" type="stmt"/>
      <line num="80" count="11" type="cond" truecount="4" falsecount="0"/>
      <line num="81" count="9" type="stmt"/>
      <line num="82" count="9" type="stmt"/>
      <line num="83" count="9" type="stmt"/>
      <line num="84" count="9" type="stmt"/>
      <line num="85" count="9" type="stmt"/>
      <line num="86" count="9" type="stmt"/>
      <line num="88" count="2" type="cond" truecount="4" falsecount="0"/>
      <line num="89" count="1" type="stmt"/>
      <line num="90" count="1" type="stmt"/>
      <line num="91" count="1" type="stmt"/>
      <line num="92" count="1" type="stmt"/>
      <line num="93" count="1" type="stmt"/>
      <line num="95" count="1" type="cond" truecount="3" falsecount="1"/>
      <line num="96" count="1" type="stmt"/>
      <line num="97" count="1" type="stmt"/>
      <line num="98" count="1" type="stmt"/>
      <line num="99" count="1" type="stmt"/>
      <line num="101" count="0" type="cond" truecount="0" falsecount="4"/>
      <line num="102" count="0" type="stmt"/>
      <line num="103" count="0" type="stmt"/>
      <line num="104" count="0" type="stmt"/>
      <line num="106" count="0" type="cond" truecount="0" falsecount="4"/>
      <line num="107" count="0" type="stmt"/>
      <line num="108" count="0" type="stmt"/>
      <line num="112" count="9" type="stmt"/>
      <line num="113" count="9" type="stmt"/>
      <line num="114" count="9" type="stmt"/>
      <line num="115" count="9" type="stmt"/>
      <line num="117" count="1" type="stmt"/>
      <line num="118" count="0" type="stmt"/>
      <line num="119" count="0" type="cond" truecount="0" falsecount="2"/>
      <line num="120" count="0" type="cond" truecount="0" falsecount="2"/>
      <line num="121" count="0" type="stmt"/>
      <line num="123" count="1" type="stmt"/>
      <line num="124" count="9" type="stmt"/>
      <line num="125" count="9" type="stmt"/>
      <line num="128" count="9" type="stmt"/>
      <line num="129" count="9" type="stmt"/>
      <line num="130" count="9" type="stmt"/>
      <line num="131" count="9" type="stmt"/>
      <line num="133" count="1" type="stmt"/>
      <line num="134" count="9" type="stmt"/>
      <line num="135" count="9" type="cond" truecount="1" falsecount="1"/>
      <line num="136" count="9" type="cond" truecount="1" falsecount="1"/>
      <line num="137" count="9" type="stmt"/>
      <line num="139" count="1" type="stmt"/>
      <line num="140" count="1" type="stmt"/>
      <line num="141" count="2" type="stmt"/>
      <line num="144" count="9" type="stmt"/>
      <line num="145" count="9" type="stmt"/>
      <line num="146" count="9" type="stmt"/>
      <line num="148" count="1" type="stmt"/>
      <line num="149" count="10" type="stmt"/>
      <line num="150" count="10" type="cond" truecount="1" falsecount="1"/>
      <line num="151" count="10" type="cond" truecount="1" falsecount="1"/>
      <line num="152" count="10" type="stmt"/>
      <line num="154" count="1" type="stmt"/>
      <line num="155" count="1" type="stmt"/>
      <line num="156" count="2" type="stmt"/>
      <line num="159" count="9" type="stmt"/>
      <line num="160" count="9" type="stmt"/>
      <line num="161" count="9" type="stmt"/>
      <line num="163" count="1" type="stmt"/>
      <line num="164" count="11" type="stmt"/>
      <line num="165" count="11" type="stmt"/>
      <line num="166" count="11" type="stmt"/>
      <line num="167" count="11" type="cond" truecount="2" falsecount="0"/>
      <line num="168" count="9" type="stmt"/>
      <line num="169" count="9" type="stmt"/>
      <line num="170" count="9" type="cond" truecount="2" falsecount="0"/>
      <line num="171" count="8" type="stmt"/>
      <line num="172" count="1" type="cond" truecount="1" falsecount="1"/>
      <line num="173" count="1" type="cond" truecount="1" falsecount="1"/>
      <line num="174" count="0" type="cond" truecount="0" falsecount="2"/>
      <line num="175" count="0" type="stmt"/>
      <line num="177" count="0" type="stmt"/>
      <line num="180" count="1" type="stmt"/>
      <line num="183" count="0" type="stmt"/>
      <line num="187" count="2" type="stmt"/>
      <line num="189" count="11" type="cond" truecount="1" falsecount="1"/>
      <line num="190" count="11" type="cond" truecount="1" falsecount="1"/>
      <line num="191" count="11" type="stmt"/>
      <line num="193" count="1" type="stmt"/>
      <line num="194" count="0" type="stmt"/>
      <line num="195" count="0" type="stmt"/>
      <line num="198" count="9" type="stmt"/>
      <line num="199" count="9" type="stmt"/>
      <line num="200" count="9" type="stmt"/>
      <line num="202" count="1" type="stmt"/>
      <line num="203" count="11" type="stmt"/>
      <line num="204" count="11" type="cond" truecount="1" falsecount="1"/>
      <line num="205" count="0" type="stmt"/>
      <line num="207" count="11" type="stmt"/>
      <line num="208" count="11" type="stmt"/>
      <line num="210" count="11" type="cond" truecount="2" falsecount="0"/>
      <line num="211" count="9" type="stmt"/>
      <line num="212" count="9" type="stmt"/>
      <line num="213" count="9" type="stmt"/>
      <line num="214" count="9" type="stmt"/>
      <line num="215" count="9" type="stmt"/>
      <line num="217" count="9" type="cond" truecount="2" falsecount="0"/>
      <line num="218" count="8" type="cond" truecount="2" falsecount="0"/>
      <line num="219" count="1" type="stmt"/>
      <line num="221" count="7" type="stmt"/>
      <line num="223" count="1" type="cond" truecount="1" falsecount="1"/>
      <line num="224" count="1" type="cond" truecount="1" falsecount="1"/>
      <line num="225" count="0" type="stmt"/>
      <line num="227" count="1" type="stmt"/>
      <line num="229" count="0" type="cond" truecount="0" falsecount="2"/>
      <line num="230" count="0" type="cond" truecount="0" falsecount="2"/>
      <line num="231" count="0" type="stmt"/>
      <line num="233" count="0" type="stmt"/>
      <line num="237" count="2" type="cond" truecount="1" falsecount="1"/>
      <line num="238" count="2" type="stmt"/>
      <line num="239" count="0" type="cond" truecount="0" falsecount="2"/>
      <line num="240" count="0" type="stmt"/>
      <line num="241" count="0" type="cond" truecount="0" falsecount="2"/>
      <line num="242" count="0" type="stmt"/>
      <line num="245" count="11" type="cond" truecount="1" falsecount="1"/>
      <line num="246" count="11" type="cond" truecount="1" falsecount="1"/>
      <line num="247" count="11" type="stmt"/>
      <line num="249" count="1" type="stmt"/>
      <line num="250" count="0" type="stmt"/>
      <line num="251" count="0" type="stmt"/>
      <line num="254" count="22" type="stmt"/>
      <line num="255" count="721" type="stmt"/>
    </file>
  </project>
</coverage>
