{"E:\\project\\uniapp\\plugins\\date_time_picker\\src\\components\\dateTimePicker\\index.js": {"path":"E:\\project\\uniapp\\plugins\\date_time_picker\\src\\components\\dateTimePicker\\index.js","statementMap":{"0":{"start":{"line":1,"column":12},"end":{"line":1,"column":14}},"1":{"start":{"line":2,"column":11},"end":{"line":2,"column":15}},"2":{"start":{"line":4,"column":4},"end":{"line":4,"column":40}},"3":{"start":{"line":5,"column":4},"end":{"line":5,"column":28}},"4":{"start":{"line":6,"column":4},"end":{"line":6,"column":30}},"5":{"start":{"line":7,"column":4},"end":{"line":7,"column":45}},"6":{"start":{"line":8,"column":4},"end":{"line":8,"column":26}},"7":{"start":{"line":9,"column":4},"end":{"line":9,"column":41}},"8":{"start":{"line":10,"column":4},"end":{"line":10,"column":19}},"9":{"start":{"line":11,"column":4},"end":{"line":11,"column":55}},"10":{"start":{"line":12,"column":4},"end":{"line":12,"column":45}},"11":{"start":{"line":13,"column":4},"end":{"line":13,"column":23}},"12":{"start":{"line":14,"column":4},"end":{"line":14,"column":35}},"13":{"start":{"line":15,"column":4},"end":{"line":15,"column":37}},"14":{"start":{"line":16,"column":4},"end":{"line":16,"column":33}},"15":{"start":{"line":17,"column":4},"end":{"line":17,"column":35}},"16":{"start":{"line":18,"column":4},"end":{"line":18,"column":39}},"17":{"start":{"line":19,"column":4},"end":{"line":19,"column":15}},"18":{"start":{"line":21,"column":0},"end":{"line":24,"column":1}},"19":{"start":{"line":22,"column":22},"end":{"line":22,"column":40}},"20":{"start":{"line":23,"column":4},"end":{"line":23,"column":34}},"21":{"start":{"line":26,"column":0},"end":{"line":77,"column":1}},"22":{"start":{"line":27,"column":23},"end":{"line":27,"column":40}},"23":{"start":{"line":29,"column":4},"end":{"line":29,"column":47}},"24":{"start":{"line":30,"column":26},"end":{"line":30,"column":40}},"25":{"start":{"line":31,"column":20},"end":{"line":31,"column":38}},"26":{"start":{"line":33,"column":4},"end":{"line":33,"column":47}},"27":{"start":{"line":34,"column":26},"end":{"line":34,"column":40}},"28":{"start":{"line":35,"column":20},"end":{"line":35,"column":38}},"29":{"start":{"line":38,"column":4},"end":{"line":38,"column":27}},"30":{"start":{"line":39,"column":17},"end":{"line":39,"column":29}},"31":{"start":{"line":40,"column":4},"end":{"line":74,"column":5}},"32":{"start":{"line":40,"column":19},"end":{"line":40,"column":26}},"33":{"start":{"line":41,"column":22},"end":{"line":41,"column":38}},"34":{"start":{"line":42,"column":8},"end":{"line":70,"column":9}},"35":{"start":{"line":43,"column":26},"end":{"line":43,"column":45}},"36":{"start":{"line":45,"column":27},"end":{"line":45,"column":45}},"37":{"start":{"line":46,"column":24},"end":{"line":46,"column":37}},"38":{"start":{"line":47,"column":12},"end":{"line":51,"column":13}},"39":{"start":{"line":48,"column":16},"end":{"line":50,"column":17}},"40":{"start":{"line":49,"column":20},"end":{"line":49,"column":26}},"41":{"start":{"line":52,"column":27},"end":{"line":52,"column":44}},"42":{"start":{"line":54,"column":12},"end":{"line":66,"column":13}},"43":{"start":{"line":55,"column":28},"end":{"line":55,"column":42}},"44":{"start":{"line":57,"column":28},"end":{"line":57,"column":41}},"45":{"start":{"line":58,"column":16},"end":{"line":62,"column":17}},"46":{"start":{"line":59,"column":20},"end":{"line":61,"column":21}},"47":{"start":{"line":60,"column":24},"end":{"line":60,"column":30}},"48":{"start":{"line":63,"column":16},"end":{"line":63,"column":32}},"49":{"start":{"line":64,"column":16},"end":{"line":64,"column":37}},"50":{"start":{"line":65,"column":16},"end":{"line":65,"column":31}},"51":{"start":{"line":67,"column":12},"end":{"line":69,"column":13}},"52":{"start":{"line":68,"column":16},"end":{"line":68,"column":36}},"53":{"start":{"line":71,"column":8},"end":{"line":73,"column":9}},"54":{"start":{"line":72,"column":12},"end":{"line":72,"column":30}},"55":{"start":{"line":76,"column":4},"end":{"line":76,"column":39}},"56":{"start":{"line":79,"column":0},"end":{"line":110,"column":1}},"57":{"start":{"line":80,"column":4},"end":{"line":87,"column":5}},"58":{"start":{"line":81,"column":8},"end":{"line":81,"column":38}},"59":{"start":{"line":82,"column":35},"end":{"line":82,"column":68}},"60":{"start":{"line":83,"column":33},"end":{"line":83,"column":80}},"61":{"start":{"line":84,"column":47},"end":{"line":84,"column":115}},"62":{"start":{"line":85,"column":8},"end":{"line":85,"column":106}},"63":{"start":{"line":86,"column":8},"end":{"line":86,"column":14}},"64":{"start":{"line":88,"column":4},"end":{"line":94,"column":5}},"65":{"start":{"line":89,"column":8},"end":{"line":89,"column":40}},"66":{"start":{"line":90,"column":33},"end":{"line":90,"column":71}},"67":{"start":{"line":91,"column":47},"end":{"line":91,"column":106}},"68":{"start":{"line":92,"column":8},"end":{"line":92,"column":97}},"69":{"start":{"line":93,"column":8},"end":{"line":93,"column":14}},"70":{"start":{"line":95,"column":4},"end":{"line":100,"column":5}},"71":{"start":{"line":96,"column":8},"end":{"line":96,"column":36}},"72":{"start":{"line":97,"column":47},"end":{"line":97,"column":97}},"73":{"start":{"line":98,"column":8},"end":{"line":98,"column":88}},"74":{"start":{"line":99,"column":8},"end":{"line":99,"column":14}},"75":{"start":{"line":101,"column":4},"end":{"line":105,"column":5}},"76":{"start":{"line":102,"column":8},"end":{"line":102,"column":38}},"77":{"start":{"line":103,"column":8},"end":{"line":103,"column":93}},"78":{"start":{"line":104,"column":8},"end":{"line":104,"column":14}},"79":{"start":{"line":106,"column":4},"end":{"line":109,"column":5}},"80":{"start":{"line":107,"column":8},"end":{"line":107,"column":42}},"81":{"start":{"line":108,"column":8},"end":{"line":108,"column":14}},"82":{"start":{"line":112,"column":4},"end":{"line":112,"column":21}},"83":{"start":{"line":113,"column":4},"end":{"line":113,"column":27}},"84":{"start":{"line":114,"column":4},"end":{"line":114,"column":36}},"85":{"start":{"line":115,"column":4},"end":{"line":115,"column":15}},"86":{"start":{"line":117,"column":0},"end":{"line":122,"column":1}},"87":{"start":{"line":118,"column":4},"end":{"line":118,"column":36}},"88":{"start":{"line":119,"column":4},"end":{"line":119,"column":59}},"89":{"start":{"line":120,"column":4},"end":{"line":120,"column":53}},"90":{"start":{"line":121,"column":4},"end":{"line":121,"column":39}},"91":{"start":{"line":123,"column":0},"end":{"line":126,"column":1}},"92":{"start":{"line":124,"column":4},"end":{"line":124,"column":23}},"93":{"start":{"line":125,"column":4},"end":{"line":125,"column":69}},"94":{"start":{"line":125,"column":56},"end":{"line":125,"column":68}},"95":{"start":{"line":128,"column":4},"end":{"line":128,"column":22}},"96":{"start":{"line":129,"column":4},"end":{"line":129,"column":27}},"97":{"start":{"line":130,"column":4},"end":{"line":130,"column":20}},"98":{"start":{"line":131,"column":4},"end":{"line":131,"column":15}},"99":{"start":{"line":133,"column":0},"end":{"line":138,"column":1}},"100":{"start":{"line":134,"column":4},"end":{"line":134,"column":42}},"101":{"start":{"line":135,"column":4},"end":{"line":135,"column":60}},"102":{"start":{"line":136,"column":4},"end":{"line":136,"column":53}},"103":{"start":{"line":137,"column":4},"end":{"line":137,"column":42}},"104":{"start":{"line":139,"column":0},"end":{"line":142,"column":1}},"105":{"start":{"line":140,"column":4},"end":{"line":140,"column":25}},"106":{"start":{"line":141,"column":4},"end":{"line":141,"column":70}},"107":{"start":{"line":141,"column":56},"end":{"line":141,"column":69}},"108":{"start":{"line":144,"column":4},"end":{"line":144,"column":22}},"109":{"start":{"line":145,"column":4},"end":{"line":145,"column":27}},"110":{"start":{"line":146,"column":4},"end":{"line":146,"column":20}},"111":{"start":{"line":148,"column":0},"end":{"line":153,"column":1}},"112":{"start":{"line":149,"column":4},"end":{"line":149,"column":36}},"113":{"start":{"line":150,"column":4},"end":{"line":150,"column":60}},"114":{"start":{"line":151,"column":4},"end":{"line":151,"column":53}},"115":{"start":{"line":152,"column":4},"end":{"line":152,"column":40}},"116":{"start":{"line":154,"column":0},"end":{"line":157,"column":1}},"117":{"start":{"line":155,"column":4},"end":{"line":155,"column":23}},"118":{"start":{"line":156,"column":4},"end":{"line":156,"column":68}},"119":{"start":{"line":156,"column":56},"end":{"line":156,"column":67}},"120":{"start":{"line":159,"column":4},"end":{"line":159,"column":22}},"121":{"start":{"line":160,"column":4},"end":{"line":160,"column":27}},"122":{"start":{"line":161,"column":4},"end":{"line":161,"column":20}},"123":{"start":{"line":163,"column":0},"end":{"line":192,"column":1}},"124":{"start":{"line":164,"column":4},"end":{"line":164,"column":20}},"125":{"start":{"line":165,"column":20},"end":{"line":165,"column":89}},"126":{"start":{"line":166,"column":24},"end":{"line":166,"column":52}},"127":{"start":{"line":167,"column":4},"end":{"line":188,"column":5}},"128":{"start":{"line":168,"column":21},"end":{"line":168,"column":36}},"129":{"start":{"line":169,"column":23},"end":{"line":169,"column":40}},"130":{"start":{"line":170,"column":8},"end":{"line":184,"column":9}},"131":{"start":{"line":171,"column":12},"end":{"line":171,"column":86}},"132":{"start":{"line":172,"column":15},"end":{"line":184,"column":9}},"133":{"start":{"line":173,"column":12},"end":{"line":181,"column":13}},"134":{"start":{"line":174,"column":16},"end":{"line":178,"column":17}},"135":{"start":{"line":175,"column":20},"end":{"line":175,"column":74}},"136":{"start":{"line":177,"column":20},"end":{"line":177,"column":36}},"137":{"start":{"line":180,"column":16},"end":{"line":180,"column":70}},"138":{"start":{"line":183,"column":12},"end":{"line":183,"column":28}},"139":{"start":{"line":187,"column":8},"end":{"line":187,"column":82}},"140":{"start":{"line":189,"column":4},"end":{"line":189,"column":60}},"141":{"start":{"line":190,"column":4},"end":{"line":190,"column":53}},"142":{"start":{"line":191,"column":4},"end":{"line":191,"column":67}},"143":{"start":{"line":193,"column":0},"end":{"line":196,"column":1}},"144":{"start":{"line":194,"column":4},"end":{"line":194,"column":24}},"145":{"start":{"line":195,"column":4},"end":{"line":195,"column":69}},"146":{"start":{"line":195,"column":56},"end":{"line":195,"column":68}},"147":{"start":{"line":198,"column":4},"end":{"line":198,"column":21}},"148":{"start":{"line":199,"column":4},"end":{"line":199,"column":27}},"149":{"start":{"line":200,"column":4},"end":{"line":200,"column":20}},"150":{"start":{"line":202,"column":0},"end":{"line":248,"column":1}},"151":{"start":{"line":203,"column":4},"end":{"line":203,"column":20}},"152":{"start":{"line":204,"column":4},"end":{"line":206,"column":5}},"153":{"start":{"line":205,"column":8},"end":{"line":205,"column":14}},"154":{"start":{"line":207,"column":20},"end":{"line":207,"column":89}},"155":{"start":{"line":208,"column":24},"end":{"line":208,"column":52}},"156":{"start":{"line":210,"column":4},"end":{"line":244,"column":5}},"157":{"start":{"line":211,"column":26},"end":{"line":211,"column":43}},"158":{"start":{"line":212,"column":25},"end":{"line":212,"column":40}},"159":{"start":{"line":213,"column":24},"end":{"line":213,"column":49}},"160":{"start":{"line":214,"column":30},"end":{"line":214,"column":94}},"161":{"start":{"line":215,"column":28},"end":{"line":215,"column":55}},"162":{"start":{"line":217,"column":8},"end":{"line":235,"column":9}},"163":{"start":{"line":218,"column":12},"end":{"line":222,"column":13}},"164":{"start":{"line":219,"column":16},"end":{"line":219,"column":70}},"165":{"start":{"line":221,"column":16},"end":{"line":221,"column":55}},"166":{"start":{"line":223,"column":15},"end":{"line":235,"column":9}},"167":{"start":{"line":224,"column":12},"end":{"line":228,"column":13}},"168":{"start":{"line":225,"column":14},"end":{"line":225,"column":45}},"169":{"start":{"line":227,"column":16},"end":{"line":227,"column":55}},"170":{"start":{"line":229,"column":15},"end":{"line":235,"column":9}},"171":{"start":{"line":230,"column":12},"end":{"line":234,"column":13}},"172":{"start":{"line":231,"column":16},"end":{"line":231,"column":67}},"173":{"start":{"line":233,"column":16},"end":{"line":233,"column":75}},"174":{"start":{"line":237,"column":8},"end":{"line":243,"column":9}},"175":{"start":{"line":238,"column":12},"end":{"line":238,"column":66}},"176":{"start":{"line":239,"column":15},"end":{"line":243,"column":9}},"177":{"start":{"line":240,"column":12},"end":{"line":240,"column":43}},"178":{"start":{"line":241,"column":15},"end":{"line":243,"column":9}},"179":{"start":{"line":242,"column":12},"end":{"line":242,"column":63}},"180":{"start":{"line":245,"column":4},"end":{"line":245,"column":58}},"181":{"start":{"line":246,"column":4},"end":{"line":246,"column":53}},"182":{"start":{"line":247,"column":4},"end":{"line":247,"column":41}},"183":{"start":{"line":249,"column":0},"end":{"line":252,"column":1}},"184":{"start":{"line":250,"column":4},"end":{"line":250,"column":25}},"185":{"start":{"line":251,"column":4},"end":{"line":251,"column":71}},"186":{"start":{"line":251,"column":56},"end":{"line":251,"column":70}},"187":{"start":{"line":254,"column":4},"end":{"line":256,"column":5}},"188":{"start":{"line":254,"column":16},"end":{"line":254,"column":29}},"189":{"start":{"line":255,"column":8},"end":{"line":255,"column":22}}},"fnMap":{"0":{"name":"DateTime","decl":{"start":{"line":3,"column":24},"end":{"line":3,"column":32}},"loc":{"start":{"line":3,"column":113},"end":{"line":20,"column":1}},"line":3},"1":{"name":"(anonymous_1)","decl":{"start":{"line":21,"column":26},"end":{"line":21,"column":27}},"loc":{"start":{"line":21,"column":37},"end":{"line":24,"column":1}},"line":21},"2":{"name":"(anonymous_2)","decl":{"start":{"line":26,"column":34},"end":{"line":26,"column":35}},"loc":{"start":{"line":26,"column":45},"end":{"line":77,"column":1}},"line":26},"3":{"name":"(anonymous_3)","decl":{"start":{"line":79,"column":36},"end":{"line":79,"column":37}},"loc":{"start":{"line":79,"column":76},"end":{"line":110,"column":1}},"line":79},"4":{"name":"Year","decl":{"start":{"line":111,"column":9},"end":{"line":111,"column":13}},"loc":{"start":{"line":111,"column":16},"end":{"line":116,"column":1}},"line":111},"5":{"name":"(anonymous_5)","decl":{"start":{"line":117,"column":25},"end":{"line":117,"column":26}},"loc":{"start":{"line":117,"column":36},"end":{"line":122,"column":1}},"line":117},"6":{"name":"(anonymous_6)","decl":{"start":{"line":123,"column":23},"end":{"line":123,"column":24}},"loc":{"start":{"line":123,"column":38},"end":{"line":126,"column":1}},"line":123},"7":{"name":"(anonymous_7)","decl":{"start":{"line":125,"column":48},"end":{"line":125,"column":49}},"loc":{"start":{"line":125,"column":56},"end":{"line":125,"column":68}},"line":125},"8":{"name":"Month","decl":{"start":{"line":127,"column":9},"end":{"line":127,"column":14}},"loc":{"start":{"line":127,"column":17},"end":{"line":132,"column":1}},"line":127},"9":{"name":"(anonymous_9)","decl":{"start":{"line":133,"column":26},"end":{"line":133,"column":27}},"loc":{"start":{"line":133,"column":41},"end":{"line":138,"column":1}},"line":133},"10":{"name":"(anonymous_10)","decl":{"start":{"line":139,"column":24},"end":{"line":139,"column":25}},"loc":{"start":{"line":139,"column":40},"end":{"line":142,"column":1}},"line":139},"11":{"name":"(anonymous_11)","decl":{"start":{"line":141,"column":48},"end":{"line":141,"column":49}},"loc":{"start":{"line":141,"column":56},"end":{"line":141,"column":69}},"line":141},"12":{"name":"Day","decl":{"start":{"line":143,"column":9},"end":{"line":143,"column":12}},"loc":{"start":{"line":143,"column":15},"end":{"line":147,"column":1}},"line":143},"13":{"name":"(anonymous_13)","decl":{"start":{"line":148,"column":24},"end":{"line":148,"column":25}},"loc":{"start":{"line":148,"column":45},"end":{"line":153,"column":1}},"line":148},"14":{"name":"(anonymous_14)","decl":{"start":{"line":154,"column":22},"end":{"line":154,"column":23}},"loc":{"start":{"line":154,"column":36},"end":{"line":157,"column":1}},"line":154},"15":{"name":"(anonymous_15)","decl":{"start":{"line":156,"column":48},"end":{"line":156,"column":49}},"loc":{"start":{"line":156,"column":56},"end":{"line":156,"column":67}},"line":156},"16":{"name":"Hour","decl":{"start":{"line":158,"column":9},"end":{"line":158,"column":13}},"loc":{"start":{"line":158,"column":16},"end":{"line":162,"column":1}},"line":158},"17":{"name":"(anonymous_17)","decl":{"start":{"line":163,"column":25},"end":{"line":163,"column":26}},"loc":{"start":{"line":163,"column":61},"end":{"line":192,"column":1}},"line":163},"18":{"name":"(anonymous_18)","decl":{"start":{"line":193,"column":23},"end":{"line":193,"column":24}},"loc":{"start":{"line":193,"column":38},"end":{"line":196,"column":1}},"line":193},"19":{"name":"(anonymous_19)","decl":{"start":{"line":195,"column":48},"end":{"line":195,"column":49}},"loc":{"start":{"line":195,"column":56},"end":{"line":195,"column":68}},"line":195},"20":{"name":"Minute","decl":{"start":{"line":197,"column":9},"end":{"line":197,"column":15}},"loc":{"start":{"line":197,"column":18},"end":{"line":201,"column":1}},"line":197},"21":{"name":"(anonymous_21)","decl":{"start":{"line":202,"column":27},"end":{"line":202,"column":28}},"loc":{"start":{"line":202,"column":82},"end":{"line":248,"column":1}},"line":202},"22":{"name":"(anonymous_22)","decl":{"start":{"line":249,"column":25},"end":{"line":249,"column":26}},"loc":{"start":{"line":249,"column":42},"end":{"line":252,"column":1}},"line":249},"23":{"name":"(anonymous_23)","decl":{"start":{"line":251,"column":48},"end":{"line":251,"column":49}},"loc":{"start":{"line":251,"column":56},"end":{"line":251,"column":70}},"line":251},"24":{"name":"traverseAll","decl":{"start":{"line":253,"column":9},"end":{"line":253,"column":20}},"loc":{"start":{"line":253,"column":41},"end":{"line":257,"column":1}},"line":253}},"branchMap":{"0":{"loc":{"start":{"line":3,"column":33},"end":{"line":3,"column":45}},"type":"default-arg","locations":[{"start":{"line":3,"column":44},"end":{"line":3,"column":45}}],"line":3},"1":{"loc":{"start":{"line":3,"column":47},"end":{"line":3,"column":65}},"type":"default-arg","locations":[{"start":{"line":3,"column":59},"end":{"line":3,"column":65}}],"line":3},"2":{"loc":{"start":{"line":3,"column":67},"end":{"line":3,"column":84}},"type":"default-arg","locations":[{"start":{"line":3,"column":77},"end":{"line":3,"column":84}}],"line":3},"3":{"loc":{"start":{"line":3,"column":86},"end":{"line":3,"column":102}},"type":"default-arg","locations":[{"start":{"line":3,"column":101},"end":{"line":3,"column":102}}],"line":3},"4":{"loc":{"start":{"line":11,"column":11},"end":{"line":11,"column":55}},"type":"cond-expr","locations":[{"start":{"line":11,"column":22},"end":{"line":11,"column":39}},{"start":{"line":11,"column":44},"end":{"line":11,"column":54}}],"line":11},"5":{"loc":{"start":{"line":47,"column":12},"end":{"line":51,"column":13}},"type":"if","locations":[{"start":{"line":47,"column":12},"end":{"line":51,"column":13}},{"start":{"line":47,"column":12},"end":{"line":51,"column":13}}],"line":47},"6":{"loc":{"start":{"line":48,"column":16},"end":{"line":50,"column":17}},"type":"if","locations":[{"start":{"line":48,"column":16},"end":{"line":50,"column":17}},{"start":{"line":48,"column":16},"end":{"line":50,"column":17}}],"line":48},"7":{"loc":{"start":{"line":58,"column":16},"end":{"line":62,"column":17}},"type":"if","locations":[{"start":{"line":58,"column":16},"end":{"line":62,"column":17}},{"start":{"line":58,"column":16},"end":{"line":62,"column":17}}],"line":58},"8":{"loc":{"start":{"line":59,"column":20},"end":{"line":61,"column":21}},"type":"if","locations":[{"start":{"line":59,"column":20},"end":{"line":61,"column":21}},{"start":{"line":59,"column":20},"end":{"line":61,"column":21}}],"line":59},"9":{"loc":{"start":{"line":67,"column":12},"end":{"line":69,"column":13}},"type":"if","locations":[{"start":{"line":67,"column":12},"end":{"line":69,"column":13}},{"start":{"line":67,"column":12},"end":{"line":69,"column":13}}],"line":67},"10":{"loc":{"start":{"line":71,"column":8},"end":{"line":73,"column":9}},"type":"if","locations":[{"start":{"line":71,"column":8},"end":{"line":73,"column":9}},{"start":{"line":71,"column":8},"end":{"line":73,"column":9}}],"line":71},"11":{"loc":{"start":{"line":80,"column":4},"end":{"line":87,"column":5}},"type":"if","locations":[{"start":{"line":80,"column":4},"end":{"line":87,"column":5}},{"start":{"line":80,"column":4},"end":{"line":87,"column":5}}],"line":80},"12":{"loc":{"start":{"line":80,"column":7},"end":{"line":80,"column":63}},"type":"binary-expr","locations":[{"start":{"line":80,"column":7},"end":{"line":80,"column":41}},{"start":{"line":80,"column":45},"end":{"line":80,"column":63}}],"line":80},"13":{"loc":{"start":{"line":88,"column":4},"end":{"line":94,"column":5}},"type":"if","locations":[{"start":{"line":88,"column":4},"end":{"line":94,"column":5}},{"start":{"line":88,"column":4},"end":{"line":94,"column":5}}],"line":88},"14":{"loc":{"start":{"line":88,"column":7},"end":{"line":88,"column":67}},"type":"binary-expr","locations":[{"start":{"line":88,"column":7},"end":{"line":88,"column":44}},{"start":{"line":88,"column":48},"end":{"line":88,"column":67}}],"line":88},"15":{"loc":{"start":{"line":95,"column":4},"end":{"line":100,"column":5}},"type":"if","locations":[{"start":{"line":95,"column":4},"end":{"line":100,"column":5}},{"start":{"line":95,"column":4},"end":{"line":100,"column":5}}],"line":95},"16":{"loc":{"start":{"line":95,"column":7},"end":{"line":95,"column":61}},"type":"binary-expr","locations":[{"start":{"line":95,"column":7},"end":{"line":95,"column":40}},{"start":{"line":95,"column":44},"end":{"line":95,"column":61}}],"line":95},"17":{"loc":{"start":{"line":101,"column":4},"end":{"line":105,"column":5}},"type":"if","locations":[{"start":{"line":101,"column":4},"end":{"line":105,"column":5}},{"start":{"line":101,"column":4},"end":{"line":105,"column":5}}],"line":101},"18":{"loc":{"start":{"line":101,"column":7},"end":{"line":101,"column":64}},"type":"binary-expr","locations":[{"start":{"line":101,"column":7},"end":{"line":101,"column":42}},{"start":{"line":101,"column":46},"end":{"line":101,"column":64}}],"line":101},"19":{"loc":{"start":{"line":106,"column":4},"end":{"line":109,"column":5}},"type":"if","locations":[{"start":{"line":106,"column":4},"end":{"line":109,"column":5}},{"start":{"line":106,"column":4},"end":{"line":109,"column":5}}],"line":106},"20":{"loc":{"start":{"line":106,"column":7},"end":{"line":106,"column":69}},"type":"binary-expr","locations":[{"start":{"line":106,"column":7},"end":{"line":106,"column":45}},{"start":{"line":106,"column":49},"end":{"line":106,"column":69}}],"line":106},"21":{"loc":{"start":{"line":119,"column":19},"end":{"line":119,"column":59}},"type":"cond-expr","locations":[{"start":{"line":119,"column":40},"end":{"line":119,"column":54}},{"start":{"line":119,"column":57},"end":{"line":119,"column":59}}],"line":119},"22":{"loc":{"start":{"line":120,"column":26},"end":{"line":120,"column":53}},"type":"cond-expr","locations":[{"start":{"line":120,"column":47},"end":{"line":120,"column":48}},{"start":{"line":120,"column":51},"end":{"line":120,"column":53}}],"line":120},"23":{"loc":{"start":{"line":135,"column":20},"end":{"line":135,"column":60}},"type":"cond-expr","locations":[{"start":{"line":135,"column":41},"end":{"line":135,"column":55}},{"start":{"line":135,"column":58},"end":{"line":135,"column":60}}],"line":135},"24":{"loc":{"start":{"line":136,"column":26},"end":{"line":136,"column":53}},"type":"cond-expr","locations":[{"start":{"line":136,"column":47},"end":{"line":136,"column":48}},{"start":{"line":136,"column":51},"end":{"line":136,"column":53}}],"line":136},"25":{"loc":{"start":{"line":150,"column":20},"end":{"line":150,"column":60}},"type":"cond-expr","locations":[{"start":{"line":150,"column":41},"end":{"line":150,"column":55}},{"start":{"line":150,"column":58},"end":{"line":150,"column":60}}],"line":150},"26":{"loc":{"start":{"line":151,"column":26},"end":{"line":151,"column":53}},"type":"cond-expr","locations":[{"start":{"line":151,"column":47},"end":{"line":151,"column":48}},{"start":{"line":151,"column":51},"end":{"line":151,"column":53}}],"line":151},"27":{"loc":{"start":{"line":167,"column":4},"end":{"line":188,"column":5}},"type":"if","locations":[{"start":{"line":167,"column":4},"end":{"line":188,"column":5}},{"start":{"line":167,"column":4},"end":{"line":188,"column":5}}],"line":167},"28":{"loc":{"start":{"line":170,"column":8},"end":{"line":184,"column":9}},"type":"if","locations":[{"start":{"line":170,"column":8},"end":{"line":184,"column":9}},{"start":{"line":170,"column":8},"end":{"line":184,"column":9}}],"line":170},"29":{"loc":{"start":{"line":172,"column":15},"end":{"line":184,"column":9}},"type":"if","locations":[{"start":{"line":172,"column":15},"end":{"line":184,"column":9}},{"start":{"line":172,"column":15},"end":{"line":184,"column":9}}],"line":172},"30":{"loc":{"start":{"line":173,"column":12},"end":{"line":181,"column":13}},"type":"if","locations":[{"start":{"line":173,"column":12},"end":{"line":181,"column":13}},{"start":{"line":173,"column":12},"end":{"line":181,"column":13}}],"line":173},"31":{"loc":{"start":{"line":174,"column":16},"end":{"line":178,"column":17}},"type":"if","locations":[{"start":{"line":174,"column":16},"end":{"line":178,"column":17}},{"start":{"line":174,"column":16},"end":{"line":178,"column":17}}],"line":174},"32":{"loc":{"start":{"line":189,"column":20},"end":{"line":189,"column":60}},"type":"cond-expr","locations":[{"start":{"line":189,"column":41},"end":{"line":189,"column":55}},{"start":{"line":189,"column":58},"end":{"line":189,"column":60}}],"line":189},"33":{"loc":{"start":{"line":190,"column":26},"end":{"line":190,"column":53}},"type":"cond-expr","locations":[{"start":{"line":190,"column":47},"end":{"line":190,"column":48}},{"start":{"line":190,"column":51},"end":{"line":190,"column":53}}],"line":190},"34":{"loc":{"start":{"line":204,"column":4},"end":{"line":206,"column":5}},"type":"if","locations":[{"start":{"line":204,"column":4},"end":{"line":206,"column":5}},{"start":{"line":204,"column":4},"end":{"line":206,"column":5}}],"line":204},"35":{"loc":{"start":{"line":210,"column":4},"end":{"line":244,"column":5}},"type":"if","locations":[{"start":{"line":210,"column":4},"end":{"line":244,"column":5}},{"start":{"line":210,"column":4},"end":{"line":244,"column":5}}],"line":210},"36":{"loc":{"start":{"line":217,"column":8},"end":{"line":235,"column":9}},"type":"if","locations":[{"start":{"line":217,"column":8},"end":{"line":235,"column":9}},{"start":{"line":217,"column":8},"end":{"line":235,"column":9}}],"line":217},"37":{"loc":{"start":{"line":218,"column":12},"end":{"line":222,"column":13}},"type":"if","locations":[{"start":{"line":218,"column":12},"end":{"line":222,"column":13}},{"start":{"line":218,"column":12},"end":{"line":222,"column":13}}],"line":218},"38":{"loc":{"start":{"line":223,"column":15},"end":{"line":235,"column":9}},"type":"if","locations":[{"start":{"line":223,"column":15},"end":{"line":235,"column":9}},{"start":{"line":223,"column":15},"end":{"line":235,"column":9}}],"line":223},"39":{"loc":{"start":{"line":224,"column":12},"end":{"line":228,"column":13}},"type":"if","locations":[{"start":{"line":224,"column":12},"end":{"line":228,"column":13}},{"start":{"line":224,"column":12},"end":{"line":228,"column":13}}],"line":224},"40":{"loc":{"start":{"line":229,"column":15},"end":{"line":235,"column":9}},"type":"if","locations":[{"start":{"line":229,"column":15},"end":{"line":235,"column":9}},{"start":{"line":229,"column":15},"end":{"line":235,"column":9}}],"line":229},"41":{"loc":{"start":{"line":230,"column":12},"end":{"line":234,"column":13}},"type":"if","locations":[{"start":{"line":230,"column":12},"end":{"line":234,"column":13}},{"start":{"line":230,"column":12},"end":{"line":234,"column":13}}],"line":230},"42":{"loc":{"start":{"line":237,"column":8},"end":{"line":243,"column":9}},"type":"if","locations":[{"start":{"line":237,"column":8},"end":{"line":243,"column":9}},{"start":{"line":237,"column":8},"end":{"line":243,"column":9}}],"line":237},"43":{"loc":{"start":{"line":239,"column":15},"end":{"line":243,"column":9}},"type":"if","locations":[{"start":{"line":239,"column":15},"end":{"line":243,"column":9}},{"start":{"line":239,"column":15},"end":{"line":243,"column":9}}],"line":239},"44":{"loc":{"start":{"line":241,"column":15},"end":{"line":243,"column":9}},"type":"if","locations":[{"start":{"line":241,"column":15},"end":{"line":243,"column":9}},{"start":{"line":241,"column":15},"end":{"line":243,"column":9}}],"line":241},"45":{"loc":{"start":{"line":245,"column":19},"end":{"line":245,"column":58}},"type":"cond-expr","locations":[{"start":{"line":245,"column":40},"end":{"line":245,"column":54}},{"start":{"line":245,"column":57},"end":{"line":245,"column":58}}],"line":245},"46":{"loc":{"start":{"line":246,"column":26},"end":{"line":246,"column":53}},"type":"cond-expr","locations":[{"start":{"line":246,"column":47},"end":{"line":246,"column":48}},{"start":{"line":246,"column":51},"end":{"line":246,"column":53}}],"line":246}},"s":{"0":1,"1":1,"2":9,"3":9,"4":9,"5":9,"6":9,"7":9,"8":9,"9":9,"10":9,"11":9,"12":9,"13":9,"14":9,"15":9,"16":9,"17":9,"18":1,"19":9,"20":9,"21":1,"22":9,"23":9,"24":9,"25":9,"26":9,"27":9,"28":9,"29":9,"30":9,"31":9,"32":9,"33":11,"34":11,"35":17,"36":17,"37":17,"38":17,"39":6,"40":2,"41":15,"42":15,"43":206,"44":206,"45":206,"46":191,"47":6,"48":200,"49":200,"50":200,"51":15,"52":0,"53":11,"54":0,"55":9,"56":1,"57":11,"58":9,"59":9,"60":9,"61":9,"62":9,"63":9,"64":2,"65":1,"66":1,"67":1,"68":1,"69":1,"70":1,"71":1,"72":1,"73":1,"74":1,"75":0,"76":0,"77":0,"78":0,"79":0,"80":0,"81":0,"82":9,"83":9,"84":9,"85":9,"86":1,"87":0,"88":0,"89":0,"90":0,"91":1,"92":9,"93":9,"94":9,"95":9,"96":9,"97":9,"98":9,"99":1,"100":9,"101":9,"102":9,"103":9,"104":1,"105":1,"106":1,"107":2,"108":9,"109":9,"110":9,"111":1,"112":10,"113":10,"114":10,"115":10,"116":1,"117":1,"118":1,"119":2,"120":9,"121":9,"122":9,"123":1,"124":11,"125":11,"126":11,"127":11,"128":9,"129":9,"130":9,"131":8,"132":1,"133":1,"134":0,"135":0,"136":0,"137":1,"138":0,"139":2,"140":11,"141":11,"142":11,"143":1,"144":0,"145":0,"146":0,"147":9,"148":9,"149":9,"150":1,"151":11,"152":11,"153":0,"154":11,"155":11,"156":11,"157":9,"158":9,"159":9,"160":9,"161":9,"162":9,"163":8,"164":1,"165":7,"166":1,"167":1,"168":0,"169":1,"170":0,"171":0,"172":0,"173":0,"174":2,"175":2,"176":0,"177":0,"178":0,"179":0,"180":11,"181":11,"182":11,"183":1,"184":0,"185":0,"186":0,"187":22,"188":22,"189":721},"f":{"0":9,"1":9,"2":9,"3":11,"4":9,"5":0,"6":9,"7":9,"8":9,"9":9,"10":1,"11":2,"12":9,"13":10,"14":1,"15":2,"16":9,"17":11,"18":0,"19":0,"20":9,"21":11,"22":0,"23":0,"24":22},"b":{"0":[0],"1":[0],"2":[0],"3":[0],"4":[9,0],"5":[6,11],"6":[2,4],"7":[191,15],"8":[6,185],"9":[0,15],"10":[0,11],"11":[9,2],"12":[11,9],"13":[1,1],"14":[2,1],"15":[1,0],"16":[1,1],"17":[0,0],"18":[0,0],"19":[0,0],"20":[0,0],"21":[0,0],"22":[0,0],"23":[9,0],"24":[9,0],"25":[10,0],"26":[10,0],"27":[9,2],"28":[8,1],"29":[1,0],"30":[0,1],"31":[0,0],"32":[11,0],"33":[11,0],"34":[0,11],"35":[9,2],"36":[8,1],"37":[1,7],"38":[1,0],"39":[0,1],"40":[0,0],"41":[0,0],"42":[2,0],"43":[0,0],"44":[0,0],"45":[11,0],"46":[11,0]},"_coverageSchema":"1a1c01bbd47fc00a2c39e90264f33305004495a9","hash":"9425c4f7c7c1cbc1a5108d19e99361eeb48249d1"}
}
