{"E:\\project\\uniapp\\plugins\\date_time_picker\\src\\components\\dateTimePicker\\index.js": {"path":"E:\\project\\uniapp\\plugins\\date_time_picker\\src\\components\\dateTimePicker\\index.js","statementMap":{"0":{"start":{"line":2,"column":4},"end":{"line":2,"column":40}},"1":{"start":{"line":3,"column":4},"end":{"line":3,"column":28}},"2":{"start":{"line":4,"column":4},"end":{"line":4,"column":30}},"3":{"start":{"line":5,"column":4},"end":{"line":5,"column":45}},"4":{"start":{"line":6,"column":4},"end":{"line":6,"column":26}},"5":{"start":{"line":7,"column":4},"end":{"line":7,"column":41}},"6":{"start":{"line":8,"column":4},"end":{"line":8,"column":19}},"7":{"start":{"line":9,"column":17},"end":{"line":9,"column":73}},"8":{"start":{"line":10,"column":4},"end":{"line":10,"column":45}},"9":{"start":{"line":12,"column":4},"end":{"line":12,"column":26}},"10":{"start":{"line":13,"column":4},"end":{"line":13,"column":28}},"11":{"start":{"line":14,"column":4},"end":{"line":14,"column":26}},"12":{"start":{"line":15,"column":4},"end":{"line":15,"column":27}},"13":{"start":{"line":16,"column":4},"end":{"line":16,"column":28}},"14":{"start":{"line":17,"column":4},"end":{"line":17,"column":32}},"15":{"start":{"line":18,"column":4},"end":{"line":18,"column":33}},"16":{"start":{"line":19,"column":4},"end":{"line":19,"column":31}},"17":{"start":{"line":20,"column":4},"end":{"line":20,"column":32}},"18":{"start":{"line":21,"column":4},"end":{"line":21,"column":28}},"19":{"start":{"line":23,"column":4},"end":{"line":23,"column":24}},"20":{"start":{"line":24,"column":4},"end":{"line":24,"column":26}},"21":{"start":{"line":25,"column":4},"end":{"line":25,"column":24}},"22":{"start":{"line":26,"column":4},"end":{"line":26,"column":25}},"23":{"start":{"line":27,"column":4},"end":{"line":27,"column":27}},"24":{"start":{"line":29,"column":4},"end":{"line":29,"column":23}},"25":{"start":{"line":30,"column":4},"end":{"line":30,"column":15}},"26":{"start":{"line":32,"column":0},"end":{"line":39,"column":1}},"27":{"start":{"line":33,"column":22},"end":{"line":33,"column":45}},"28":{"start":{"line":34,"column":23},"end":{"line":34,"column":47}},"29":{"start":{"line":35,"column":20},"end":{"line":35,"column":39}},"30":{"start":{"line":36,"column":22},"end":{"line":36,"column":42}},"31":{"start":{"line":37,"column":24},"end":{"line":37,"column":46}},"32":{"start":{"line":38,"column":4},"end":{"line":38,"column":79}},"33":{"start":{"line":41,"column":0},"end":{"line":93,"column":1}},"34":{"start":{"line":42,"column":17},"end":{"line":42,"column":26}},"35":{"start":{"line":43,"column":23},"end":{"line":43,"column":40}},"36":{"start":{"line":45,"column":4},"end":{"line":45,"column":47}},"37":{"start":{"line":46,"column":26},"end":{"line":46,"column":40}},"38":{"start":{"line":47,"column":20},"end":{"line":47,"column":38}},"39":{"start":{"line":49,"column":4},"end":{"line":49,"column":47}},"40":{"start":{"line":50,"column":26},"end":{"line":50,"column":40}},"41":{"start":{"line":51,"column":20},"end":{"line":51,"column":38}},"42":{"start":{"line":54,"column":18},"end":{"line":54,"column":33}},"43":{"start":{"line":55,"column":17},"end":{"line":55,"column":29}},"44":{"start":{"line":56,"column":4},"end":{"line":90,"column":5}},"45":{"start":{"line":56,"column":19},"end":{"line":56,"column":26}},"46":{"start":{"line":57,"column":22},"end":{"line":57,"column":38}},"47":{"start":{"line":58,"column":8},"end":{"line":86,"column":9}},"48":{"start":{"line":59,"column":26},"end":{"line":59,"column":45}},"49":{"start":{"line":61,"column":27},"end":{"line":61,"column":45}},"50":{"start":{"line":62,"column":24},"end":{"line":62,"column":37}},"51":{"start":{"line":63,"column":12},"end":{"line":67,"column":13}},"52":{"start":{"line":64,"column":16},"end":{"line":66,"column":17}},"53":{"start":{"line":65,"column":20},"end":{"line":65,"column":26}},"54":{"start":{"line":68,"column":27},"end":{"line":68,"column":44}},"55":{"start":{"line":70,"column":12},"end":{"line":82,"column":13}},"56":{"start":{"line":71,"column":28},"end":{"line":71,"column":42}},"57":{"start":{"line":73,"column":28},"end":{"line":73,"column":41}},"58":{"start":{"line":74,"column":16},"end":{"line":78,"column":17}},"59":{"start":{"line":75,"column":20},"end":{"line":77,"column":21}},"60":{"start":{"line":76,"column":24},"end":{"line":76,"column":30}},"61":{"start":{"line":79,"column":16},"end":{"line":79,"column":32}},"62":{"start":{"line":80,"column":16},"end":{"line":80,"column":37}},"63":{"start":{"line":81,"column":16},"end":{"line":81,"column":31}},"64":{"start":{"line":83,"column":12},"end":{"line":85,"column":13}},"65":{"start":{"line":84,"column":16},"end":{"line":84,"column":36}},"66":{"start":{"line":87,"column":8},"end":{"line":89,"column":9}},"67":{"start":{"line":88,"column":12},"end":{"line":88,"column":30}},"68":{"start":{"line":92,"column":4},"end":{"line":92,"column":39}},"69":{"start":{"line":95,"column":0},"end":{"line":149,"column":1}},"70":{"start":{"line":96,"column":4},"end":{"line":96,"column":57}},"71":{"start":{"line":97,"column":18},"end":{"line":97,"column":59}},"72":{"start":{"line":98,"column":19},"end":{"line":98,"column":68}},"73":{"start":{"line":99,"column":17},"end":{"line":99,"column":58}},"74":{"start":{"line":100,"column":4},"end":{"line":114,"column":5}},"75":{"start":{"line":101,"column":8},"end":{"line":101,"column":32}},"76":{"start":{"line":102,"column":8},"end":{"line":102,"column":60}},"77":{"start":{"line":103,"column":8},"end":{"line":103,"column":54}},"78":{"start":{"line":104,"column":8},"end":{"line":113,"column":9}},"79":{"start":{"line":105,"column":12},"end":{"line":105,"column":33}},"80":{"start":{"line":106,"column":12},"end":{"line":106,"column":35}},"81":{"start":{"line":107,"column":12},"end":{"line":107,"column":33}},"82":{"start":{"line":108,"column":12},"end":{"line":108,"column":41}},"83":{"start":{"line":109,"column":12},"end":{"line":109,"column":39}},"84":{"start":{"line":110,"column":12},"end":{"line":110,"column":40}},"85":{"start":{"line":111,"column":12},"end":{"line":111,"column":42}},"86":{"start":{"line":112,"column":12},"end":{"line":112,"column":18}},"87":{"start":{"line":115,"column":4},"end":{"line":127,"column":5}},"88":{"start":{"line":116,"column":8},"end":{"line":116,"column":35}},"89":{"start":{"line":117,"column":8},"end":{"line":117,"column":54}},"90":{"start":{"line":118,"column":8},"end":{"line":126,"column":9}},"91":{"start":{"line":119,"column":12},"end":{"line":119,"column":33}},"92":{"start":{"line":120,"column":12},"end":{"line":120,"column":35}},"93":{"start":{"line":121,"column":12},"end":{"line":121,"column":33}},"94":{"start":{"line":122,"column":12},"end":{"line":122,"column":39}},"95":{"start":{"line":123,"column":12},"end":{"line":123,"column":40}},"96":{"start":{"line":124,"column":12},"end":{"line":124,"column":42}},"97":{"start":{"line":125,"column":12},"end":{"line":125,"column":18}},"98":{"start":{"line":128,"column":4},"end":{"line":138,"column":5}},"99":{"start":{"line":129,"column":8},"end":{"line":129,"column":31}},"100":{"start":{"line":130,"column":8},"end":{"line":137,"column":9}},"101":{"start":{"line":131,"column":12},"end":{"line":131,"column":33}},"102":{"start":{"line":132,"column":12},"end":{"line":132,"column":35}},"103":{"start":{"line":133,"column":12},"end":{"line":133,"column":33}},"104":{"start":{"line":134,"column":12},"end":{"line":134,"column":40}},"105":{"start":{"line":135,"column":12},"end":{"line":135,"column":42}},"106":{"start":{"line":136,"column":12},"end":{"line":136,"column":18}},"107":{"start":{"line":139,"column":4},"end":{"line":145,"column":5}},"108":{"start":{"line":140,"column":8},"end":{"line":140,"column":33}},"109":{"start":{"line":141,"column":8},"end":{"line":141,"column":31}},"110":{"start":{"line":142,"column":8},"end":{"line":142,"column":31}},"111":{"start":{"line":143,"column":8},"end":{"line":143,"column":38}},"112":{"start":{"line":144,"column":8},"end":{"line":144,"column":14}},"113":{"start":{"line":146,"column":4},"end":{"line":148,"column":5}},"114":{"start":{"line":147,"column":8},"end":{"line":147,"column":36}},"115":{"start":{"line":150,"column":0},"end":{"line":161,"column":1}},"116":{"start":{"line":151,"column":18},"end":{"line":151,"column":65}},"117":{"start":{"line":151,"column":52},"end":{"line":151,"column":64}},"118":{"start":{"line":152,"column":4},"end":{"line":152,"column":52}},"119":{"start":{"line":153,"column":19},"end":{"line":153,"column":69}},"120":{"start":{"line":153,"column":55},"end":{"line":153,"column":68}},"121":{"start":{"line":154,"column":4},"end":{"line":154,"column":55}},"122":{"start":{"line":155,"column":17},"end":{"line":155,"column":63}},"123":{"start":{"line":155,"column":51},"end":{"line":155,"column":62}},"124":{"start":{"line":156,"column":4},"end":{"line":156,"column":49}},"125":{"start":{"line":157,"column":18},"end":{"line":157,"column":66}},"126":{"start":{"line":157,"column":53},"end":{"line":157,"column":65}},"127":{"start":{"line":158,"column":4},"end":{"line":158,"column":52}},"128":{"start":{"line":159,"column":20},"end":{"line":159,"column":72}},"129":{"start":{"line":159,"column":57},"end":{"line":159,"column":71}},"130":{"start":{"line":160,"column":4},"end":{"line":160,"column":58}},"131":{"start":{"line":162,"column":0},"end":{"line":193,"column":1}},"132":{"start":{"line":163,"column":17},"end":{"line":163,"column":26}},"133":{"start":{"line":164,"column":17},"end":{"line":164,"column":34}},"134":{"start":{"line":165,"column":18},"end":{"line":165,"column":37}},"135":{"start":{"line":166,"column":16},"end":{"line":166,"column":33}},"136":{"start":{"line":167,"column":20},"end":{"line":167,"column":89}},"137":{"start":{"line":168,"column":24},"end":{"line":168,"column":52}},"138":{"start":{"line":169,"column":4},"end":{"line":190,"column":5}},"139":{"start":{"line":170,"column":21},"end":{"line":170,"column":36}},"140":{"start":{"line":171,"column":23},"end":{"line":171,"column":40}},"141":{"start":{"line":172,"column":8},"end":{"line":186,"column":9}},"142":{"start":{"line":173,"column":12},"end":{"line":173,"column":85}},"143":{"start":{"line":174,"column":15},"end":{"line":186,"column":9}},"144":{"start":{"line":175,"column":12},"end":{"line":183,"column":13}},"145":{"start":{"line":176,"column":16},"end":{"line":180,"column":17}},"146":{"start":{"line":177,"column":20},"end":{"line":177,"column":76}},"147":{"start":{"line":179,"column":20},"end":{"line":179,"column":41}},"148":{"start":{"line":182,"column":16},"end":{"line":182,"column":72}},"149":{"start":{"line":185,"column":12},"end":{"line":185,"column":33}},"150":{"start":{"line":189,"column":8},"end":{"line":189,"column":81}},"151":{"start":{"line":191,"column":4},"end":{"line":191,"column":74}},"152":{"start":{"line":192,"column":4},"end":{"line":192,"column":27}},"153":{"start":{"line":194,"column":0},"end":{"line":243,"column":1}},"154":{"start":{"line":196,"column":4},"end":{"line":199,"column":5}},"155":{"start":{"line":197,"column":8},"end":{"line":197,"column":31}},"156":{"start":{"line":198,"column":8},"end":{"line":198,"column":14}},"157":{"start":{"line":200,"column":17},"end":{"line":200,"column":26}},"158":{"start":{"line":201,"column":20},"end":{"line":201,"column":89}},"159":{"start":{"line":202,"column":17},"end":{"line":202,"column":34}},"160":{"start":{"line":203,"column":18},"end":{"line":203,"column":37}},"161":{"start":{"line":204,"column":16},"end":{"line":204,"column":33}},"162":{"start":{"line":205,"column":24},"end":{"line":205,"column":52}},"163":{"start":{"line":207,"column":4},"end":{"line":241,"column":5}},"164":{"start":{"line":208,"column":26},"end":{"line":208,"column":43}},"165":{"start":{"line":209,"column":25},"end":{"line":209,"column":40}},"166":{"start":{"line":210,"column":24},"end":{"line":210,"column":49}},"167":{"start":{"line":211,"column":30},"end":{"line":211,"column":88}},"168":{"start":{"line":212,"column":28},"end":{"line":212,"column":52}},"169":{"start":{"line":214,"column":8},"end":{"line":232,"column":9}},"170":{"start":{"line":215,"column":12},"end":{"line":219,"column":13}},"171":{"start":{"line":216,"column":16},"end":{"line":216,"column":74}},"172":{"start":{"line":218,"column":16},"end":{"line":218,"column":62}},"173":{"start":{"line":220,"column":15},"end":{"line":232,"column":9}},"174":{"start":{"line":221,"column":12},"end":{"line":225,"column":13}},"175":{"start":{"line":222,"column":14},"end":{"line":222,"column":52}},"176":{"start":{"line":224,"column":16},"end":{"line":224,"column":62}},"177":{"start":{"line":226,"column":15},"end":{"line":232,"column":9}},"178":{"start":{"line":227,"column":12},"end":{"line":231,"column":13}},"179":{"start":{"line":228,"column":16},"end":{"line":228,"column":71}},"180":{"start":{"line":230,"column":16},"end":{"line":230,"column":79}},"181":{"start":{"line":234,"column":8},"end":{"line":240,"column":9}},"182":{"start":{"line":235,"column":12},"end":{"line":235,"column":70}},"183":{"start":{"line":236,"column":15},"end":{"line":240,"column":9}},"184":{"start":{"line":237,"column":12},"end":{"line":237,"column":50}},"185":{"start":{"line":238,"column":15},"end":{"line":240,"column":9}},"186":{"start":{"line":239,"column":12},"end":{"line":239,"column":67}},"187":{"start":{"line":242,"column":4},"end":{"line":242,"column":79}},"188":{"start":{"line":245,"column":4},"end":{"line":247,"column":5}},"189":{"start":{"line":245,"column":16},"end":{"line":245,"column":29}},"190":{"start":{"line":246,"column":8},"end":{"line":246,"column":22}}},"fnMap":{"0":{"name":"DateTime","decl":{"start":{"line":1,"column":24},"end":{"line":1,"column":32}},"loc":{"start":{"line":1,"column":113},"end":{"line":31,"column":1}},"line":1},"1":{"name":"(anonymous_1)","decl":{"start":{"line":32,"column":26},"end":{"line":32,"column":27}},"loc":{"start":{"line":32,"column":37},"end":{"line":39,"column":1}},"line":32},"2":{"name":"(anonymous_2)","decl":{"start":{"line":41,"column":34},"end":{"line":41,"column":35}},"loc":{"start":{"line":41,"column":45},"end":{"line":93,"column":1}},"line":41},"3":{"name":"(anonymous_3)","decl":{"start":{"line":95,"column":36},"end":{"line":95,"column":37}},"loc":{"start":{"line":95,"column":76},"end":{"line":149,"column":1}},"line":95},"4":{"name":"(anonymous_4)","decl":{"start":{"line":150,"column":38},"end":{"line":150,"column":39}},"loc":{"start":{"line":150,"column":78},"end":{"line":161,"column":1}},"line":150},"5":{"name":"(anonymous_5)","decl":{"start":{"line":151,"column":44},"end":{"line":151,"column":45}},"loc":{"start":{"line":151,"column":52},"end":{"line":151,"column":64}},"line":151},"6":{"name":"(anonymous_6)","decl":{"start":{"line":153,"column":47},"end":{"line":153,"column":48}},"loc":{"start":{"line":153,"column":55},"end":{"line":153,"column":68}},"line":153},"7":{"name":"(anonymous_7)","decl":{"start":{"line":155,"column":43},"end":{"line":155,"column":44}},"loc":{"start":{"line":155,"column":51},"end":{"line":155,"column":62}},"line":155},"8":{"name":"(anonymous_8)","decl":{"start":{"line":157,"column":45},"end":{"line":157,"column":46}},"loc":{"start":{"line":157,"column":53},"end":{"line":157,"column":65}},"line":157},"9":{"name":"(anonymous_9)","decl":{"start":{"line":159,"column":49},"end":{"line":159,"column":50}},"loc":{"start":{"line":159,"column":57},"end":{"line":159,"column":71}},"line":159},"10":{"name":"(anonymous_10)","decl":{"start":{"line":162,"column":36},"end":{"line":162,"column":37}},"loc":{"start":{"line":162,"column":47},"end":{"line":193,"column":1}},"line":162},"11":{"name":"(anonymous_11)","decl":{"start":{"line":194,"column":38},"end":{"line":194,"column":39}},"loc":{"start":{"line":194,"column":49},"end":{"line":243,"column":1}},"line":194},"12":{"name":"traverseAll","decl":{"start":{"line":244,"column":9},"end":{"line":244,"column":20}},"loc":{"start":{"line":244,"column":41},"end":{"line":248,"column":1}},"line":244}},"branchMap":{"0":{"loc":{"start":{"line":1,"column":33},"end":{"line":1,"column":45}},"type":"default-arg","locations":[{"start":{"line":1,"column":44},"end":{"line":1,"column":45}}],"line":1},"1":{"loc":{"start":{"line":1,"column":47},"end":{"line":1,"column":65}},"type":"default-arg","locations":[{"start":{"line":1,"column":59},"end":{"line":1,"column":65}}],"line":1},"2":{"loc":{"start":{"line":1,"column":67},"end":{"line":1,"column":84}},"type":"default-arg","locations":[{"start":{"line":1,"column":77},"end":{"line":1,"column":84}}],"line":1},"3":{"loc":{"start":{"line":1,"column":86},"end":{"line":1,"column":102}},"type":"default-arg","locations":[{"start":{"line":1,"column":101},"end":{"line":1,"column":102}}],"line":1},"4":{"loc":{"start":{"line":9,"column":29},"end":{"line":9,"column":73}},"type":"cond-expr","locations":[{"start":{"line":9,"column":40},"end":{"line":9,"column":57}},{"start":{"line":9,"column":62},"end":{"line":9,"column":72}}],"line":9},"5":{"loc":{"start":{"line":63,"column":12},"end":{"line":67,"column":13}},"type":"if","locations":[{"start":{"line":63,"column":12},"end":{"line":67,"column":13}},{"start":{"line":63,"column":12},"end":{"line":67,"column":13}}],"line":63},"6":{"loc":{"start":{"line":64,"column":16},"end":{"line":66,"column":17}},"type":"if","locations":[{"start":{"line":64,"column":16},"end":{"line":66,"column":17}},{"start":{"line":64,"column":16},"end":{"line":66,"column":17}}],"line":64},"7":{"loc":{"start":{"line":74,"column":16},"end":{"line":78,"column":17}},"type":"if","locations":[{"start":{"line":74,"column":16},"end":{"line":78,"column":17}},{"start":{"line":74,"column":16},"end":{"line":78,"column":17}}],"line":74},"8":{"loc":{"start":{"line":75,"column":20},"end":{"line":77,"column":21}},"type":"if","locations":[{"start":{"line":75,"column":20},"end":{"line":77,"column":21}},{"start":{"line":75,"column":20},"end":{"line":77,"column":21}}],"line":75},"9":{"loc":{"start":{"line":83,"column":12},"end":{"line":85,"column":13}},"type":"if","locations":[{"start":{"line":83,"column":12},"end":{"line":85,"column":13}},{"start":{"line":83,"column":12},"end":{"line":85,"column":13}}],"line":83},"10":{"loc":{"start":{"line":87,"column":8},"end":{"line":89,"column":9}},"type":"if","locations":[{"start":{"line":87,"column":8},"end":{"line":89,"column":9}},{"start":{"line":87,"column":8},"end":{"line":89,"column":9}}],"line":87},"11":{"loc":{"start":{"line":100,"column":4},"end":{"line":114,"column":5}},"type":"if","locations":[{"start":{"line":100,"column":4},"end":{"line":114,"column":5}},{"start":{"line":100,"column":4},"end":{"line":114,"column":5}}],"line":100},"12":{"loc":{"start":{"line":102,"column":30},"end":{"line":102,"column":60}},"type":"cond-expr","locations":[{"start":{"line":102,"column":46},"end":{"line":102,"column":55}},{"start":{"line":102,"column":58},"end":{"line":102,"column":60}}],"line":102},"13":{"loc":{"start":{"line":103,"column":28},"end":{"line":103,"column":54}},"type":"cond-expr","locations":[{"start":{"line":103,"column":42},"end":{"line":103,"column":49}},{"start":{"line":103,"column":52},"end":{"line":103,"column":54}}],"line":103},"14":{"loc":{"start":{"line":104,"column":8},"end":{"line":113,"column":9}},"type":"if","locations":[{"start":{"line":104,"column":8},"end":{"line":113,"column":9}},{"start":{"line":104,"column":8},"end":{"line":113,"column":9}}],"line":104},"15":{"loc":{"start":{"line":104,"column":11},"end":{"line":104,"column":55}},"type":"binary-expr","locations":[{"start":{"line":104,"column":11},"end":{"line":104,"column":23}},{"start":{"line":104,"column":27},"end":{"line":104,"column":40}},{"start":{"line":104,"column":44},"end":{"line":104,"column":55}}],"line":104},"16":{"loc":{"start":{"line":115,"column":4},"end":{"line":127,"column":5}},"type":"if","locations":[{"start":{"line":115,"column":4},"end":{"line":127,"column":5}},{"start":{"line":115,"column":4},"end":{"line":127,"column":5}}],"line":115},"17":{"loc":{"start":{"line":117,"column":28},"end":{"line":117,"column":54}},"type":"cond-expr","locations":[{"start":{"line":117,"column":42},"end":{"line":117,"column":49}},{"start":{"line":117,"column":52},"end":{"line":117,"column":54}}],"line":117},"18":{"loc":{"start":{"line":118,"column":8},"end":{"line":126,"column":9}},"type":"if","locations":[{"start":{"line":118,"column":8},"end":{"line":126,"column":9}},{"start":{"line":118,"column":8},"end":{"line":126,"column":9}}],"line":118},"19":{"loc":{"start":{"line":118,"column":11},"end":{"line":118,"column":55}},"type":"binary-expr","locations":[{"start":{"line":118,"column":11},"end":{"line":118,"column":23}},{"start":{"line":118,"column":27},"end":{"line":118,"column":40}},{"start":{"line":118,"column":44},"end":{"line":118,"column":55}}],"line":118},"20":{"loc":{"start":{"line":128,"column":4},"end":{"line":138,"column":5}},"type":"if","locations":[{"start":{"line":128,"column":4},"end":{"line":138,"column":5}},{"start":{"line":128,"column":4},"end":{"line":138,"column":5}}],"line":128},"21":{"loc":{"start":{"line":130,"column":8},"end":{"line":137,"column":9}},"type":"if","locations":[{"start":{"line":130,"column":8},"end":{"line":137,"column":9}},{"start":{"line":130,"column":8},"end":{"line":137,"column":9}}],"line":130},"22":{"loc":{"start":{"line":130,"column":11},"end":{"line":130,"column":55}},"type":"binary-expr","locations":[{"start":{"line":130,"column":11},"end":{"line":130,"column":23}},{"start":{"line":130,"column":27},"end":{"line":130,"column":40}},{"start":{"line":130,"column":44},"end":{"line":130,"column":55}}],"line":130},"23":{"loc":{"start":{"line":139,"column":4},"end":{"line":145,"column":5}},"type":"if","locations":[{"start":{"line":139,"column":4},"end":{"line":145,"column":5}},{"start":{"line":139,"column":4},"end":{"line":145,"column":5}}],"line":139},"24":{"loc":{"start":{"line":146,"column":4},"end":{"line":148,"column":5}},"type":"if","locations":[{"start":{"line":146,"column":4},"end":{"line":148,"column":5}},{"start":{"line":146,"column":4},"end":{"line":148,"column":5}}],"line":146},"25":{"loc":{"start":{"line":152,"column":31},"end":{"line":152,"column":52}},"type":"cond-expr","locations":[{"start":{"line":152,"column":43},"end":{"line":152,"column":48}},{"start":{"line":152,"column":51},"end":{"line":152,"column":52}}],"line":152},"26":{"loc":{"start":{"line":154,"column":32},"end":{"line":154,"column":55}},"type":"cond-expr","locations":[{"start":{"line":154,"column":45},"end":{"line":154,"column":51}},{"start":{"line":154,"column":54},"end":{"line":154,"column":55}}],"line":154},"27":{"loc":{"start":{"line":156,"column":30},"end":{"line":156,"column":49}},"type":"cond-expr","locations":[{"start":{"line":156,"column":41},"end":{"line":156,"column":45}},{"start":{"line":156,"column":48},"end":{"line":156,"column":49}}],"line":156},"28":{"loc":{"start":{"line":158,"column":31},"end":{"line":158,"column":52}},"type":"cond-expr","locations":[{"start":{"line":158,"column":43},"end":{"line":158,"column":48}},{"start":{"line":158,"column":51},"end":{"line":158,"column":52}}],"line":158},"29":{"loc":{"start":{"line":160,"column":33},"end":{"line":160,"column":58}},"type":"cond-expr","locations":[{"start":{"line":160,"column":47},"end":{"line":160,"column":54}},{"start":{"line":160,"column":57},"end":{"line":160,"column":58}}],"line":160},"30":{"loc":{"start":{"line":169,"column":4},"end":{"line":190,"column":5}},"type":"if","locations":[{"start":{"line":169,"column":4},"end":{"line":190,"column":5}},{"start":{"line":169,"column":4},"end":{"line":190,"column":5}}],"line":169},"31":{"loc":{"start":{"line":172,"column":8},"end":{"line":186,"column":9}},"type":"if","locations":[{"start":{"line":172,"column":8},"end":{"line":186,"column":9}},{"start":{"line":172,"column":8},"end":{"line":186,"column":9}}],"line":172},"32":{"loc":{"start":{"line":174,"column":15},"end":{"line":186,"column":9}},"type":"if","locations":[{"start":{"line":174,"column":15},"end":{"line":186,"column":9}},{"start":{"line":174,"column":15},"end":{"line":186,"column":9}}],"line":174},"33":{"loc":{"start":{"line":175,"column":12},"end":{"line":183,"column":13}},"type":"if","locations":[{"start":{"line":175,"column":12},"end":{"line":183,"column":13}},{"start":{"line":175,"column":12},"end":{"line":183,"column":13}}],"line":175},"34":{"loc":{"start":{"line":176,"column":16},"end":{"line":180,"column":17}},"type":"if","locations":[{"start":{"line":176,"column":16},"end":{"line":180,"column":17}},{"start":{"line":176,"column":16},"end":{"line":180,"column":17}}],"line":176},"35":{"loc":{"start":{"line":191,"column":25},"end":{"line":191,"column":74}},"type":"cond-expr","locations":[{"start":{"line":191,"column":51},"end":{"line":191,"column":70}},{"start":{"line":191,"column":73},"end":{"line":191,"column":74}}],"line":191},"36":{"loc":{"start":{"line":196,"column":4},"end":{"line":199,"column":5}},"type":"if","locations":[{"start":{"line":196,"column":4},"end":{"line":199,"column":5}},{"start":{"line":196,"column":4},"end":{"line":199,"column":5}}],"line":196},"37":{"loc":{"start":{"line":207,"column":4},"end":{"line":241,"column":5}},"type":"if","locations":[{"start":{"line":207,"column":4},"end":{"line":241,"column":5}},{"start":{"line":207,"column":4},"end":{"line":241,"column":5}}],"line":207},"38":{"loc":{"start":{"line":214,"column":8},"end":{"line":232,"column":9}},"type":"if","locations":[{"start":{"line":214,"column":8},"end":{"line":232,"column":9}},{"start":{"line":214,"column":8},"end":{"line":232,"column":9}}],"line":214},"39":{"loc":{"start":{"line":215,"column":12},"end":{"line":219,"column":13}},"type":"if","locations":[{"start":{"line":215,"column":12},"end":{"line":219,"column":13}},{"start":{"line":215,"column":12},"end":{"line":219,"column":13}}],"line":215},"40":{"loc":{"start":{"line":220,"column":15},"end":{"line":232,"column":9}},"type":"if","locations":[{"start":{"line":220,"column":15},"end":{"line":232,"column":9}},{"start":{"line":220,"column":15},"end":{"line":232,"column":9}}],"line":220},"41":{"loc":{"start":{"line":221,"column":12},"end":{"line":225,"column":13}},"type":"if","locations":[{"start":{"line":221,"column":12},"end":{"line":225,"column":13}},{"start":{"line":221,"column":12},"end":{"line":225,"column":13}}],"line":221},"42":{"loc":{"start":{"line":226,"column":15},"end":{"line":232,"column":9}},"type":"if","locations":[{"start":{"line":226,"column":15},"end":{"line":232,"column":9}},{"start":{"line":226,"column":15},"end":{"line":232,"column":9}}],"line":226},"43":{"loc":{"start":{"line":227,"column":12},"end":{"line":231,"column":13}},"type":"if","locations":[{"start":{"line":227,"column":12},"end":{"line":231,"column":13}},{"start":{"line":227,"column":12},"end":{"line":231,"column":13}}],"line":227},"44":{"loc":{"start":{"line":234,"column":8},"end":{"line":240,"column":9}},"type":"if","locations":[{"start":{"line":234,"column":8},"end":{"line":240,"column":9}},{"start":{"line":234,"column":8},"end":{"line":240,"column":9}}],"line":234},"45":{"loc":{"start":{"line":236,"column":15},"end":{"line":240,"column":9}},"type":"if","locations":[{"start":{"line":236,"column":15},"end":{"line":240,"column":9}},{"start":{"line":236,"column":15},"end":{"line":240,"column":9}}],"line":236},"46":{"loc":{"start":{"line":238,"column":15},"end":{"line":240,"column":9}},"type":"if","locations":[{"start":{"line":238,"column":15},"end":{"line":240,"column":9}},{"start":{"line":238,"column":15},"end":{"line":240,"column":9}}],"line":238},"47":{"loc":{"start":{"line":242,"column":26},"end":{"line":242,"column":79}},"type":"cond-expr","locations":[{"start":{"line":242,"column":54},"end":{"line":242,"column":75}},{"start":{"line":242,"column":78},"end":{"line":242,"column":79}}],"line":242}},"s":{"0":14,"1":14,"2":14,"3":14,"4":14,"5":14,"6":14,"7":14,"8":14,"9":14,"10":14,"11":14,"12":14,"13":14,"14":14,"15":14,"16":14,"17":14,"18":14,"19":14,"20":14,"21":14,"22":14,"23":14,"24":14,"25":14,"26":1,"27":14,"28":14,"29":14,"30":14,"31":14,"32":14,"33":1,"34":14,"35":14,"36":14,"37":14,"38":14,"39":14,"40":14,"41":14,"42":14,"43":14,"44":14,"45":14,"46":17,"47":17,"48":25,"49":25,"50":25,"51":25,"52":8,"53":3,"54":22,"55":22,"56":301,"57":301,"58":301,"59":279,"60":8,"61":293,"62":293,"63":293,"64":22,"65":0,"66":17,"67":0,"68":14,"69":1,"70":29,"71":29,"72":29,"73":29,"74":29,"75":15,"76":15,"77":15,"78":15,"79":15,"80":15,"81":15,"82":15,"83":15,"84":15,"85":15,"86":15,"87":14,"88":1,"89":1,"90":1,"91":1,"92":1,"93":1,"94":1,"95":1,"96":1,"97":1,"98":13,"99":5,"100":5,"101":5,"102":5,"103":5,"104":5,"105":5,"106":5,"107":8,"108":6,"109":6,"110":6,"111":6,"112":6,"113":2,"114":2,"115":1,"116":29,"117":16,"118":29,"119":29,"120":18,"121":29,"122":29,"123":67,"124":29,"125":29,"126":139,"127":29,"128":29,"129":692,"130":29,"131":1,"132":21,"133":21,"134":21,"135":21,"136":21,"137":21,"138":21,"139":15,"140":15,"141":15,"142":11,"143":4,"144":4,"145":1,"146":0,"147":1,"148":3,"149":0,"150":6,"151":21,"152":21,"153":1,"154":27,"155":1,"156":1,"157":26,"158":26,"159":26,"160":26,"161":26,"162":26,"163":26,"164":18,"165":18,"166":18,"167":18,"168":18,"169":18,"170":12,"171":3,"172":9,"173":6,"174":5,"175":2,"176":3,"177":1,"178":1,"179":1,"180":0,"181":8,"182":6,"183":2,"184":1,"185":1,"186":1,"187":26,"188":46,"189":46,"190":1567},"f":{"0":14,"1":14,"2":14,"3":29,"4":29,"5":16,"6":18,"7":67,"8":139,"9":692,"10":21,"11":27,"12":46},"b":{"0":[0],"1":[0],"2":[0],"3":[0],"4":[14,0],"5":[8,17],"6":[3,5],"7":[279,22],"8":[8,271],"9":[0,22],"10":[0,17],"11":[15,14],"12":[15,0],"13":[15,0],"14":[15,0],"15":[15,15,15],"16":[1,13],"17":[1,0],"18":[1,0],"19":[1,1,1],"20":[5,8],"21":[5,0],"22":[5,5,5],"23":[6,2],"24":[2,0],"25":[1,28],"26":[2,27],"27":[8,21],"28":[6,23],"29":[0,29],"30":[15,6],"31":[11,4],"32":[4,0],"33":[1,3],"34":[0,1],"35":[20,1],"36":[1,26],"37":[18,8],"38":[12,6],"39":[3,9],"40":[5,1],"41":[2,3],"42":[1,0],"43":[1,0],"44":[6,2],"45":[1,1],"46":[1,0],"47":[26,0]},"_coverageSchema":"1a1c01bbd47fc00a2c39e90264f33305004495a9","hash":"c491bee6b202b66e66698e48367b7e9237b1624f"}
}
