TN:
SF:src\components\dateTimePicker\index.js
FN:1,DateTime
FN:32,(anonymous_1)
FN:41,(anonymous_2)
FN:95,(anonymous_3)
FN:150,(anonymous_4)
FN:151,(anonymous_5)
FN:153,(anonymous_6)
FN:155,(anonymous_7)
FN:157,(anonymous_8)
FN:159,(anonymous_9)
FN:162,(anonymous_10)
FN:194,(anonymous_11)
FN:244,traverseAll
FNF:13
FNH:13
FNDA:14,DateTime
FNDA:14,(anonymous_1)
FNDA:14,(anonymous_2)
FNDA:29,(anonymous_3)
FNDA:29,(anonymous_4)
FNDA:16,(anonymous_5)
FNDA:18,(anonymous_6)
FNDA:67,(anonymous_7)
FNDA:139,(anonymous_8)
FNDA:692,(anonymous_9)
FNDA:21,(anonymous_10)
FNDA:27,(anonymous_11)
FNDA:46,traverseAll
DA:2,14
DA:3,14
DA:4,14
DA:5,14
DA:6,14
DA:7,14
DA:8,14
DA:9,14
DA:10,14
DA:12,14
DA:13,14
DA:14,14
DA:15,14
DA:16,14
DA:17,14
DA:18,14
DA:19,14
DA:20,14
DA:21,14
DA:23,14
DA:24,14
DA:25,14
DA:26,14
DA:27,14
DA:29,14
DA:30,14
DA:32,1
DA:33,14
DA:34,14
DA:35,14
DA:36,14
DA:37,14
DA:38,14
DA:41,1
DA:42,14
DA:43,14
DA:45,14
DA:46,14
DA:47,14
DA:49,14
DA:50,14
DA:51,14
DA:54,14
DA:55,14
DA:56,14
DA:57,17
DA:58,17
DA:59,25
DA:61,25
DA:62,25
DA:63,25
DA:64,8
DA:65,3
DA:68,22
DA:70,22
DA:71,301
DA:73,301
DA:74,301
DA:75,279
DA:76,8
DA:79,293
DA:80,293
DA:81,293
DA:83,22
DA:84,0
DA:87,17
DA:88,0
DA:92,14
DA:95,1
DA:96,29
DA:97,29
DA:98,29
DA:99,29
DA:100,29
DA:101,15
DA:102,15
DA:103,15
DA:104,15
DA:105,15
DA:106,15
DA:107,15
DA:108,15
DA:109,15
DA:110,15
DA:111,15
DA:112,15
DA:115,14
DA:116,1
DA:117,1
DA:118,1
DA:119,1
DA:120,1
DA:121,1
DA:122,1
DA:123,1
DA:124,1
DA:125,1
DA:128,13
DA:129,5
DA:130,5
DA:131,5
DA:132,5
DA:133,5
DA:134,5
DA:135,5
DA:136,5
DA:139,8
DA:140,6
DA:141,6
DA:142,6
DA:143,6
DA:144,6
DA:146,2
DA:147,2
DA:150,1
DA:151,29
DA:152,29
DA:153,29
DA:154,29
DA:155,67
DA:156,29
DA:157,139
DA:158,29
DA:159,692
DA:160,29
DA:162,1
DA:163,21
DA:164,21
DA:165,21
DA:166,21
DA:167,21
DA:168,21
DA:169,21
DA:170,15
DA:171,15
DA:172,15
DA:173,11
DA:174,4
DA:175,4
DA:176,1
DA:177,0
DA:179,1
DA:182,3
DA:185,0
DA:189,6
DA:191,21
DA:192,21
DA:194,1
DA:196,27
DA:197,1
DA:198,1
DA:200,26
DA:201,26
DA:202,26
DA:203,26
DA:204,26
DA:205,26
DA:207,26
DA:208,18
DA:209,18
DA:210,18
DA:211,18
DA:212,18
DA:214,18
DA:215,12
DA:216,3
DA:218,9
DA:220,6
DA:221,5
DA:222,2
DA:224,3
DA:226,1
DA:227,1
DA:228,1
DA:230,0
DA:234,8
DA:235,6
DA:236,2
DA:237,1
DA:238,1
DA:239,1
DA:242,26
DA:245,46
DA:246,1567
LF:184
LH:179
BRDA:1,0,0,0
BRDA:1,1,0,0
BRDA:1,2,0,0
BRDA:1,3,0,0
BRDA:9,4,0,14
BRDA:9,4,1,0
BRDA:63,5,0,8
BRDA:63,5,1,17
BRDA:64,6,0,3
BRDA:64,6,1,5
BRDA:74,7,0,279
BRDA:74,7,1,22
BRDA:75,8,0,8
BRDA:75,8,1,271
BRDA:83,9,0,0
BRDA:83,9,1,22
BRDA:87,10,0,0
BRDA:87,10,1,17
BRDA:100,11,0,15
BRDA:100,11,1,14
BRDA:102,12,0,15
BRDA:102,12,1,0
BRDA:103,13,0,15
BRDA:103,13,1,0
BRDA:104,14,0,15
BRDA:104,14,1,0
BRDA:104,15,0,15
BRDA:104,15,1,15
BRDA:104,15,2,15
BRDA:115,16,0,1
BRDA:115,16,1,13
BRDA:117,17,0,1
BRDA:117,17,1,0
BRDA:118,18,0,1
BRDA:118,18,1,0
BRDA:118,19,0,1
BRDA:118,19,1,1
BRDA:118,19,2,1
BRDA:128,20,0,5
BRDA:128,20,1,8
BRDA:130,21,0,5
BRDA:130,21,1,0
BRDA:130,22,0,5
BRDA:130,22,1,5
BRDA:130,22,2,5
BRDA:139,23,0,6
BRDA:139,23,1,2
BRDA:146,24,0,2
BRDA:146,24,1,0
BRDA:152,25,0,1
BRDA:152,25,1,28
BRDA:154,26,0,2
BRDA:154,26,1,27
BRDA:156,27,0,8
BRDA:156,27,1,21
BRDA:158,28,0,6
BRDA:158,28,1,23
BRDA:160,29,0,0
BRDA:160,29,1,29
BRDA:169,30,0,15
BRDA:169,30,1,6
BRDA:172,31,0,11
BRDA:172,31,1,4
BRDA:174,32,0,4
BRDA:174,32,1,0
BRDA:175,33,0,1
BRDA:175,33,1,3
BRDA:176,34,0,0
BRDA:176,34,1,1
BRDA:191,35,0,20
BRDA:191,35,1,1
BRDA:196,36,0,1
BRDA:196,36,1,26
BRDA:207,37,0,18
BRDA:207,37,1,8
BRDA:214,38,0,12
BRDA:214,38,1,6
BRDA:215,39,0,3
BRDA:215,39,1,9
BRDA:220,40,0,5
BRDA:220,40,1,1
BRDA:221,41,0,2
BRDA:221,41,1,3
BRDA:226,42,0,1
BRDA:226,42,1,0
BRDA:227,43,0,1
BRDA:227,43,1,0
BRDA:234,44,0,6
BRDA:234,44,1,2
BRDA:236,45,0,1
BRDA:236,45,1,1
BRDA:238,46,0,1
BRDA:238,46,1,0
BRDA:242,47,0,26
BRDA:242,47,1,0
BRF:95
BRH:74
end_of_record
