TN:
SF:src\components\dateTimePicker\index.js
FN:3,DateTime
FN:21,(anonymous_1)
FN:26,(anonymous_2)
FN:79,(anonymous_3)
FN:111,Year
FN:117,(anonymous_5)
FN:123,(anonymous_6)
FN:125,(anonymous_7)
FN:127,Month
FN:133,(anonymous_9)
FN:139,(anonymous_10)
FN:141,(anonymous_11)
FN:143,Day
FN:148,(anonymous_13)
FN:154,(anonymous_14)
FN:156,(anonymous_15)
FN:158,Hour
FN:163,(anonymous_17)
FN:193,(anonymous_18)
FN:195,(anonymous_19)
FN:197,Minute
FN:202,(anonymous_21)
FN:249,(anonymous_22)
FN:251,(anonymous_23)
FN:253,traverseAll
FNF:25
FNH:20
FNDA:9,DateTime
FNDA:9,(anonymous_1)
FNDA:9,(anonymous_2)
FNDA:11,(anonymous_3)
FNDA:9,Year
FNDA:0,(anonymous_5)
FNDA:9,(anonymous_6)
FNDA:9,(anonymous_7)
FNDA:9,Month
FNDA:9,(anonymous_9)
FNDA:1,(anonymous_10)
FNDA:2,(anonymous_11)
FNDA:9,Day
FNDA:10,(anonymous_13)
FNDA:1,(anonymous_14)
FNDA:2,(anonymous_15)
FNDA:9,Hour
FNDA:11,(anonymous_17)
FNDA:0,(anonymous_18)
FNDA:0,(anonymous_19)
FNDA:9,Minute
FNDA:11,(anonymous_21)
FNDA:0,(anonymous_22)
FNDA:0,(anonymous_23)
FNDA:22,traverseAll
DA:1,1
DA:2,1
DA:4,9
DA:5,9
DA:6,9
DA:7,9
DA:8,9
DA:9,9
DA:10,9
DA:11,9
DA:12,9
DA:13,9
DA:14,9
DA:15,9
DA:16,9
DA:17,9
DA:18,9
DA:19,9
DA:21,1
DA:22,9
DA:23,9
DA:26,1
DA:27,9
DA:29,9
DA:30,9
DA:31,9
DA:33,9
DA:34,9
DA:35,9
DA:38,9
DA:39,9
DA:40,9
DA:41,11
DA:42,11
DA:43,17
DA:45,17
DA:46,17
DA:47,17
DA:48,6
DA:49,2
DA:52,15
DA:54,15
DA:55,206
DA:57,206
DA:58,206
DA:59,191
DA:60,6
DA:63,200
DA:64,200
DA:65,200
DA:67,15
DA:68,0
DA:71,11
DA:72,0
DA:76,9
DA:79,1
DA:80,11
DA:81,9
DA:82,9
DA:83,9
DA:84,9
DA:85,9
DA:86,9
DA:88,2
DA:89,1
DA:90,1
DA:91,1
DA:92,1
DA:93,1
DA:95,1
DA:96,1
DA:97,1
DA:98,1
DA:99,1
DA:101,0
DA:102,0
DA:103,0
DA:104,0
DA:106,0
DA:107,0
DA:108,0
DA:112,9
DA:113,9
DA:114,9
DA:115,9
DA:117,1
DA:118,0
DA:119,0
DA:120,0
DA:121,0
DA:123,1
DA:124,9
DA:125,9
DA:128,9
DA:129,9
DA:130,9
DA:131,9
DA:133,1
DA:134,9
DA:135,9
DA:136,9
DA:137,9
DA:139,1
DA:140,1
DA:141,2
DA:144,9
DA:145,9
DA:146,9
DA:148,1
DA:149,10
DA:150,10
DA:151,10
DA:152,10
DA:154,1
DA:155,1
DA:156,2
DA:159,9
DA:160,9
DA:161,9
DA:163,1
DA:164,11
DA:165,11
DA:166,11
DA:167,11
DA:168,9
DA:169,9
DA:170,9
DA:171,8
DA:172,1
DA:173,1
DA:174,0
DA:175,0
DA:177,0
DA:180,1
DA:183,0
DA:187,2
DA:189,11
DA:190,11
DA:191,11
DA:193,1
DA:194,0
DA:195,0
DA:198,9
DA:199,9
DA:200,9
DA:202,1
DA:203,11
DA:204,11
DA:205,0
DA:207,11
DA:208,11
DA:210,11
DA:211,9
DA:212,9
DA:213,9
DA:214,9
DA:215,9
DA:217,9
DA:218,8
DA:219,1
DA:221,7
DA:223,1
DA:224,1
DA:225,0
DA:227,1
DA:229,0
DA:230,0
DA:231,0
DA:233,0
DA:237,2
DA:238,2
DA:239,0
DA:240,0
DA:241,0
DA:242,0
DA:245,11
DA:246,11
DA:247,11
DA:249,1
DA:250,0
DA:251,0
DA:254,22
DA:255,721
LF:183
LH:152
BRDA:3,0,0,0
BRDA:3,1,0,0
BRDA:3,2,0,0
BRDA:3,3,0,0
BRDA:11,4,0,9
BRDA:11,4,1,0
BRDA:47,5,0,6
BRDA:47,5,1,11
BRDA:48,6,0,2
BRDA:48,6,1,4
BRDA:58,7,0,191
BRDA:58,7,1,15
BRDA:59,8,0,6
BRDA:59,8,1,185
BRDA:67,9,0,0
BRDA:67,9,1,15
BRDA:71,10,0,0
BRDA:71,10,1,11
BRDA:80,11,0,9
BRDA:80,11,1,2
BRDA:80,12,0,11
BRDA:80,12,1,9
BRDA:88,13,0,1
BRDA:88,13,1,1
BRDA:88,14,0,2
BRDA:88,14,1,1
BRDA:95,15,0,1
BRDA:95,15,1,0
BRDA:95,16,0,1
BRDA:95,16,1,1
BRDA:101,17,0,0
BRDA:101,17,1,0
BRDA:101,18,0,0
BRDA:101,18,1,0
BRDA:106,19,0,0
BRDA:106,19,1,0
BRDA:106,20,0,0
BRDA:106,20,1,0
BRDA:119,21,0,0
BRDA:119,21,1,0
BRDA:120,22,0,0
BRDA:120,22,1,0
BRDA:135,23,0,9
BRDA:135,23,1,0
BRDA:136,24,0,9
BRDA:136,24,1,0
BRDA:150,25,0,10
BRDA:150,25,1,0
BRDA:151,26,0,10
BRDA:151,26,1,0
BRDA:167,27,0,9
BRDA:167,27,1,2
BRDA:170,28,0,8
BRDA:170,28,1,1
BRDA:172,29,0,1
BRDA:172,29,1,0
BRDA:173,30,0,0
BRDA:173,30,1,1
BRDA:174,31,0,0
BRDA:174,31,1,0
BRDA:189,32,0,11
BRDA:189,32,1,0
BRDA:190,33,0,11
BRDA:190,33,1,0
BRDA:204,34,0,0
BRDA:204,34,1,11
BRDA:210,35,0,9
BRDA:210,35,1,2
BRDA:217,36,0,8
BRDA:217,36,1,1
BRDA:218,37,0,1
BRDA:218,37,1,7
BRDA:223,38,0,1
BRDA:223,38,1,0
BRDA:224,39,0,0
BRDA:224,39,1,1
BRDA:229,40,0,0
BRDA:229,40,1,0
BRDA:230,41,0,0
BRDA:230,41,1,0
BRDA:237,42,0,2
BRDA:237,42,1,0
BRDA:239,43,0,0
BRDA:239,43,1,0
BRDA:241,44,0,0
BRDA:241,44,1,0
BRDA:245,45,0,11
BRDA:245,45,1,0
BRDA:246,46,0,11
BRDA:246,46,1,0
BRF:90
BRH:46
end_of_record
